Started by user Noel Keener
Running as SYSTEM
Building in workspace C:\Program Files (x86)\Jenkins\workspace\udacity-ecommerce
No credentials specified
 > git.exe rev-parse --is-inside-work-tree # timeout=10
Fetching changes from the remote Git repository
 > git.exe config remote.origin.url https://github.com/technakal/udacity-security-project.git # timeout=10
Fetching upstream changes from https://github.com/technakal/udacity-security-project.git
 > git.exe --version # timeout=10
 > git.exe fetch --tags --force --progress -- https://github.com/technakal/udacity-security-project.git +refs/heads/*:refs/remotes/origin/* # timeout=10
 > git.exe rev-parse "refs/remotes/origin/master^{commit}" # timeout=10
 > git.exe rev-parse "refs/remotes/origin/origin/master^{commit}" # timeout=10
Checking out Revision 512521615e5484853d14039e1a4b679f9dfa105d (refs/remotes/origin/master)
 > git.exe config core.sparsecheckout # timeout=10
 > git.exe checkout -f 512521615e5484853d14039e1a4b679f9dfa105d # timeout=10
Commit message: "Merge pull request #2 from technakal/splunkd"
 > git.exe rev-list --no-walk 19858965edea52ff7a00382ea76ad5e8f358ef08 # timeout=10
[udacity-ecommerce] $ cmd.exe /C '""C:\Program Files (x86)\Jenkins\tools\hudson.tasks.Maven_MavenInstallation\Maven_Auto-Install\bin\mvn.cmd"' -f pom.xml clean && exit %%ERRORLEVEL%%"
[INFO] Scanning for projects...
[INFO] 
[INFO] ----------------------< com.example:auth-course >-----------------------
[INFO] Building auth-course 0.0.1-SNAPSHOT
[INFO] --------------------------------[ jar ]---------------------------------
[INFO] 
[INFO] --- maven-clean-plugin:3.1.0:clean (default-clean) @ auth-course ---
[INFO] Deleting C:\Program Files (x86)\Jenkins\workspace\udacity-ecommerce\target
[INFO] ------------------------------------------------------------------------
[INFO] BUILD SUCCESS
[INFO] ------------------------------------------------------------------------
[INFO] Total time:  1.301 s
[INFO] Finished at: 2019-12-15T08:41:52-06:00
[INFO] ------------------------------------------------------------------------
[udacity-ecommerce] $ cmd.exe /C '""C:\Program Files (x86)\Jenkins\tools\hudson.tasks.Maven_MavenInstallation\Maven_Auto-Install\bin\mvn.cmd"' test && exit %%ERRORLEVEL%%"
[INFO] Scanning for projects...
[INFO] 
[INFO] ----------------------< com.example:auth-course >-----------------------
[INFO] Building auth-course 0.0.1-SNAPSHOT
[INFO] --------------------------------[ jar ]---------------------------------
[INFO] 
[INFO] --- maven-resources-plugin:3.1.0:resources (default-resources) @ auth-course ---
[INFO] Using 'UTF-8' encoding to copy filtered resources.
[INFO] Copying 1 resource
[INFO] Copying 1 resource
[INFO] 
[INFO] --- maven-compiler-plugin:3.8.1:compile (default-compile) @ auth-course ---
[INFO] Changes detected - recompiling the module!
[INFO] Compiling 21 source files to C:\Program Files (x86)\Jenkins\workspace\udacity-ecommerce\target\classes
[INFO] 
[INFO] --- maven-resources-plugin:3.1.0:testResources (default-testResources) @ auth-course ---
[INFO] Using 'UTF-8' encoding to copy filtered resources.
[INFO] skip non existing resourceDirectory C:\Program Files (x86)\Jenkins\workspace\udacity-ecommerce\src\test\resources
[INFO] 
[INFO] --- maven-compiler-plugin:3.8.1:testCompile (default-testCompile) @ auth-course ---
[INFO] Changes detected - recompiling the module!
[INFO] Compiling 11 source files to C:\Program Files (x86)\Jenkins\workspace\udacity-ecommerce\target\test-classes
[INFO] /C:/Program Files (x86)/Jenkins/workspace/udacity-ecommerce/src/test/java/com/example/demo/TestUtils.java: C:\Program Files (x86)\Jenkins\workspace\udacity-ecommerce\src\test\java\com\example\demo\TestUtils.java uses or overrides a deprecated API.
[INFO] /C:/Program Files (x86)/Jenkins/workspace/udacity-ecommerce/src/test/java/com/example/demo/TestUtils.java: Recompile with -Xlint:deprecation for details.
[INFO] 
[INFO] --- maven-surefire-plugin:2.22.2:test (default-test) @ auth-course ---
[INFO] 
[INFO] -------------------------------------------------------
[INFO]  T E S T S
[INFO] -------------------------------------------------------
[INFO] Running com.example.demo.controllers.CartControllerNegativeTest
SLF4J: Class path contains multiple SLF4J bindings.
SLF4J: Found binding in [jar:file:/C:/WINDOWS/system32/config/systemprofile/.m2/repository/ch/qos/logback/logback-classic/1.2.3/logback-classic-1.2.3.jar!/org/slf4j/impl/StaticLoggerBinder.class]
SLF4J: Found binding in [jar:file:/C:/WINDOWS/system32/config/systemprofile/.m2/repository/org/slf4j/slf4j-log4j12/1.7.26/slf4j-log4j12-1.7.26.jar!/org/slf4j/impl/StaticLoggerBinder.class]
SLF4J: See http://www.slf4j.org/codes.html#multiple_bindings for an explanation.
SLF4J: Actual binding is of type [ch.qos.logback.classic.util.ContextSelectorStaticBinder]
08:42:04.677 [main] DEBUG org.springframework.test.context.junit4.SpringJUnit4ClassRunner - SpringJUnit4ClassRunner constructor called with [class com.example.demo.controllers.CartControllerNegativeTest]
08:42:04.682 [main] DEBUG org.springframework.test.context.BootstrapUtils - Instantiating CacheAwareContextLoaderDelegate from class [org.springframework.test.context.cache.DefaultCacheAwareContextLoaderDelegate]
08:42:04.691 [main] DEBUG org.springframework.test.context.BootstrapUtils - Instantiating BootstrapContext using constructor [public org.springframework.test.context.support.DefaultBootstrapContext(java.lang.Class,org.springframework.test.context.CacheAwareContextLoaderDelegate)]
08:42:04.707 [main] DEBUG org.springframework.test.context.BootstrapUtils - Instantiating TestContextBootstrapper for test class [com.example.demo.controllers.CartControllerNegativeTest] from class [org.springframework.boot.test.autoconfigure.orm.jpa.DataJpaTestContextBootstrapper]
08:42:04.723 [main] INFO org.springframework.boot.test.autoconfigure.orm.jpa.DataJpaTestContextBootstrapper - Neither @ContextConfiguration nor @ContextHierarchy found for test class [com.example.demo.controllers.CartControllerNegativeTest], using SpringBootContextLoader
08:42:04.727 [main] DEBUG org.springframework.test.context.support.AbstractContextLoader - Did not detect default resource location for test class [com.example.demo.controllers.CartControllerNegativeTest]: class path resource [com/example/demo/controllers/CartControllerNegativeTest-context.xml] does not exist
08:42:04.727 [main] DEBUG org.springframework.test.context.support.AbstractContextLoader - Did not detect default resource location for test class [com.example.demo.controllers.CartControllerNegativeTest]: class path resource [com/example/demo/controllers/CartControllerNegativeTestContext.groovy] does not exist
08:42:04.728 [main] INFO org.springframework.test.context.support.AbstractContextLoader - Could not detect default resource locations for test class [com.example.demo.controllers.CartControllerNegativeTest]: no resource found for suffixes {-context.xml, Context.groovy}.
08:42:04.728 [main] INFO org.springframework.test.context.support.AnnotationConfigContextLoaderUtils - Could not detect default configuration classes for test class [com.example.demo.controllers.CartControllerNegativeTest]: CartControllerNegativeTest does not declare any static, non-private, non-final, nested classes annotated with @Configuration.
08:42:04.778 [main] DEBUG org.springframework.test.context.support.ActiveProfilesUtils - Could not find an 'annotation declaring class' for annotation type [org.springframework.test.context.ActiveProfiles] and class [com.example.demo.controllers.CartControllerNegativeTest]
08:42:04.884 [main] DEBUG org.springframework.context.annotation.ClassPathScanningCandidateComponentProvider - Identified candidate component class: file [C:\Program Files (x86)\Jenkins\workspace\udacity-ecommerce\target\classes\com\example\demo\SareetaApplication.class]
08:42:04.884 [main] INFO org.springframework.boot.test.context.SpringBootTestContextBootstrapper - Found @SpringBootConfiguration com.example.demo.SareetaApplication for test class com.example.demo.controllers.CartControllerNegativeTest
08:42:04.885 [main] DEBUG org.springframework.boot.test.autoconfigure.orm.jpa.DataJpaTestContextBootstrapper - @TestExecutionListeners is not present for class [com.example.demo.controllers.CartControllerNegativeTest]: using defaults.
08:42:04.885 [main] INFO org.springframework.boot.test.autoconfigure.orm.jpa.DataJpaTestContextBootstrapper - Loaded default TestExecutionListener class names from location [META-INF/spring.factories]: [org.springframework.boot.test.mock.mockito.MockitoTestExecutionListener, org.springframework.boot.test.mock.mockito.ResetMocksTestExecutionListener, org.springframework.boot.test.autoconfigure.restdocs.RestDocsTestExecutionListener, org.springframework.boot.test.autoconfigure.web.client.MockRestServiceServerResetTestExecutionListener, org.springframework.boot.test.autoconfigure.web.servlet.MockMvcPrintOnlyOnFailureTestExecutionListener, org.springframework.boot.test.autoconfigure.web.servlet.WebDriverTestExecutionListener, org.springframework.test.context.web.ServletTestExecutionListener, org.springframework.test.context.support.DirtiesContextBeforeModesTestExecutionListener, org.springframework.test.context.support.DependencyInjectionTestExecutionListener, org.springframework.test.context.support.DirtiesContextTestExecutionListener, org.springframework.test.context.transaction.TransactionalTestExecutionListener, org.springframework.test.context.jdbc.SqlScriptsTestExecutionListener, org.springframework.security.test.context.support.WithSecurityContextTestExecutionListener, org.springframework.security.test.context.support.ReactorContextTestExecutionListener]
08:42:04.901 [main] INFO org.springframework.boot.test.autoconfigure.orm.jpa.DataJpaTestContextBootstrapper - Using TestExecutionListeners: [org.springframework.test.context.web.ServletTestExecutionListener@6babf3bf, org.springframework.test.context.support.DirtiesContextBeforeModesTestExecutionListener@3059cbc, org.springframework.boot.test.mock.mockito.MockitoTestExecutionListener@7ea9e1e2, org.springframework.boot.test.autoconfigure.SpringBootDependencyInjectionTestExecutionListener@24fcf36f, org.springframework.test.context.support.DirtiesContextTestExecutionListener@10feca44, org.springframework.test.context.transaction.TransactionalTestExecutionListener@3fb1549b, org.springframework.test.context.jdbc.SqlScriptsTestExecutionListener@ea6147e, org.springframework.security.test.context.support.WithSecurityContextTestExecutionListener@4d02f94e, org.springframework.security.test.context.support.ReactorContextTestExecutionListener@2b48a640, org.springframework.boot.test.mock.mockito.ResetMocksTestExecutionListener@1e683a3e, org.springframework.boot.test.autoconfigure.restdocs.RestDocsTestExecutionListener@2053d869, org.springframework.boot.test.autoconfigure.web.client.MockRestServiceServerResetTestExecutionListener@7a419da4, org.springframework.boot.test.autoconfigure.web.servlet.MockMvcPrintOnlyOnFailureTestExecutionListener@14555e0a, org.springframework.boot.test.autoconfigure.web.servlet.WebDriverTestExecutionListener@4bb33f74]
08:42:04.902 [main] DEBUG org.springframework.test.annotation.ProfileValueUtils - Retrieved @ProfileValueSourceConfiguration [null] for test class [com.example.demo.controllers.CartControllerNegativeTest]
08:42:04.903 [main] DEBUG org.springframework.test.annotation.ProfileValueUtils - Retrieved ProfileValueSource type [class org.springframework.test.annotation.SystemProfileValueSource] for class [com.example.demo.controllers.CartControllerNegativeTest]
08:42:04.904 [main] DEBUG org.springframework.test.annotation.ProfileValueUtils - Retrieved @ProfileValueSourceConfiguration [null] for test class [com.example.demo.controllers.CartControllerNegativeTest]
08:42:04.904 [main] DEBUG org.springframework.test.annotation.ProfileValueUtils - Retrieved ProfileValueSource type [class org.springframework.test.annotation.SystemProfileValueSource] for class [com.example.demo.controllers.CartControllerNegativeTest]
08:42:04.905 [main] DEBUG org.springframework.test.annotation.ProfileValueUtils - Retrieved @ProfileValueSourceConfiguration [null] for test class [com.example.demo.controllers.CartControllerNegativeTest]
08:42:04.905 [main] DEBUG org.springframework.test.annotation.ProfileValueUtils - Retrieved ProfileValueSource type [class org.springframework.test.annotation.SystemProfileValueSource] for class [com.example.demo.controllers.CartControllerNegativeTest]
08:42:04.908 [main] DEBUG org.springframework.test.context.support.AbstractDirtiesContextTestExecutionListener - Before test class: context [DefaultTestContext@7fee8714 testClass = CartControllerNegativeTest, testInstance = [null], testMethod = [null], testException = [null], mergedContextConfiguration = [MergedContextConfiguration@4229bb3f testClass = CartControllerNegativeTest, locations = '{}', classes = '{class com.example.demo.SareetaApplication}', contextInitializerClasses = '[]', activeProfiles = '{}', propertySourceLocations = '{}', propertySourceProperties = '{org.springframework.boot.test.autoconfigure.orm.jpa.DataJpaTestContextBootstrapper=true}', contextCustomizers = set[[ImportsContextCustomizer@56cdfb3b key = [org.springframework.boot.autoconfigure.cache.CacheAutoConfiguration, org.springframework.boot.autoconfigure.data.jpa.JpaRepositoriesAutoConfiguration, org.springframework.boot.autoconfigure.flyway.FlywayAutoConfiguration, org.springframework.boot.autoconfigure.jdbc.DataSourceAutoConfiguration, org.springframework.boot.autoconfigure.jdbc.DataSourceTransactionManagerAutoConfiguration, org.springframework.boot.autoconfigure.jdbc.JdbcTemplateAutoConfiguration, org.springframework.boot.autoconfigure.liquibase.LiquibaseAutoConfiguration, org.springframework.boot.autoconfigure.orm.jpa.HibernateJpaAutoConfiguration, org.springframework.boot.autoconfigure.transaction.TransactionAutoConfiguration, org.springframework.boot.test.autoconfigure.jdbc.TestDatabaseAutoConfiguration, org.springframework.boot.test.autoconfigure.orm.jpa.TestEntityManagerAutoConfiguration]], org.springframework.boot.test.context.filter.ExcludeFilterContextCustomizer@1fa268de, org.springframework.boot.test.json.DuplicateJsonObjectContextCustomizerFactory$DuplicateJsonObjectContextCustomizer@a514af7, org.springframework.boot.test.mock.mockito.MockitoContextCustomizer@0, org.springframework.boot.test.autoconfigure.OverrideAutoConfigurationContextCustomizerFactory$DisableAutoConfigurationContextCustomizer@5c5eefef, org.springframework.boot.test.autoconfigure.filter.TypeExcludeFiltersContextCustomizer@351584c0, org.springframework.boot.test.autoconfigure.properties.PropertyMappingContextCustomizer@fac44c8a, org.springframework.boot.test.autoconfigure.web.servlet.WebDriverContextCustomizerFactory$Customizer@35e2d654], contextLoader = 'org.springframework.boot.test.context.SpringBootContextLoader', parent = [null]], attributes = map[[empty]]], class annotated with @DirtiesContext [false] with mode [null].
08:42:04.908 [main] DEBUG org.springframework.test.annotation.ProfileValueUtils - Retrieved @ProfileValueSourceConfiguration [null] for test class [com.example.demo.controllers.CartControllerNegativeTest]
08:42:04.908 [main] DEBUG org.springframework.test.annotation.ProfileValueUtils - Retrieved ProfileValueSource type [class org.springframework.test.annotation.SystemProfileValueSource] for class [com.example.demo.controllers.CartControllerNegativeTest]
08:42:05.430 [main] DEBUG org.springframework.test.context.support.DependencyInjectionTestExecutionListener - Performing dependency injection for test context [[DefaultTestContext@7fee8714 testClass = CartControllerNegativeTest, testInstance = com.example.demo.controllers.CartControllerNegativeTest@2e8ab815, testMethod = [null], testException = [null], mergedContextConfiguration = [MergedContextConfiguration@4229bb3f testClass = CartControllerNegativeTest, locations = '{}', classes = '{class com.example.demo.SareetaApplication}', contextInitializerClasses = '[]', activeProfiles = '{}', propertySourceLocations = '{}', propertySourceProperties = '{org.springframework.boot.test.autoconfigure.orm.jpa.DataJpaTestContextBootstrapper=true}', contextCustomizers = set[[ImportsContextCustomizer@56cdfb3b key = [org.springframework.boot.autoconfigure.cache.CacheAutoConfiguration, org.springframework.boot.autoconfigure.data.jpa.JpaRepositoriesAutoConfiguration, org.springframework.boot.autoconfigure.flyway.FlywayAutoConfiguration, org.springframework.boot.autoconfigure.jdbc.DataSourceAutoConfiguration, org.springframework.boot.autoconfigure.jdbc.DataSourceTransactionManagerAutoConfiguration, org.springframework.boot.autoconfigure.jdbc.JdbcTemplateAutoConfiguration, org.springframework.boot.autoconfigure.liquibase.LiquibaseAutoConfiguration, org.springframework.boot.autoconfigure.orm.jpa.HibernateJpaAutoConfiguration, org.springframework.boot.autoconfigure.transaction.TransactionAutoConfiguration, org.springframework.boot.test.autoconfigure.jdbc.TestDatabaseAutoConfiguration, org.springframework.boot.test.autoconfigure.orm.jpa.TestEntityManagerAutoConfiguration]], org.springframework.boot.test.context.filter.ExcludeFilterContextCustomizer@1fa268de, org.springframework.boot.test.json.DuplicateJsonObjectContextCustomizerFactory$DuplicateJsonObjectContextCustomizer@a514af7, org.springframework.boot.test.mock.mockito.MockitoContextCustomizer@0, org.springframework.boot.test.autoconfigure.OverrideAutoConfigurationContextCustomizerFactory$DisableAutoConfigurationContextCustomizer@5c5eefef, org.springframework.boot.test.autoconfigure.filter.TypeExcludeFiltersContextCustomizer@351584c0, org.springframework.boot.test.autoconfigure.properties.PropertyMappingContextCustomizer@fac44c8a, org.springframework.boot.test.autoconfigure.web.servlet.WebDriverContextCustomizerFactory$Customizer@35e2d654], contextLoader = 'org.springframework.boot.test.context.SpringBootContextLoader', parent = [null]], attributes = map[[empty]]]].
08:42:05.516 [main] DEBUG org.springframework.test.context.support.TestPropertySourceUtils - Adding inlined properties to environment: {spring.jmx.enabled=false, org.springframework.boot.test.autoconfigure.orm.jpa.DataJpaTestContextBootstrapper=true, server.port=-1}

  .   ____          _            __ _ _
 /\\ / ___'_ __ _ _(_)_ __  __ _ \ \ \ \
( ( )\___ | '_ | '_| | '_ \/ _` | \ \ \ \
 \\/  ___)| |_)| | | | | || (_| |  ) ) ) )
  '  |____| .__|_| |_|_| |_\__, | / / / /
 =========|_|==============|___/=/_/_/_/
 :: Spring Boot ::        (v2.1.5.RELEASE)

2019-12-15 08:42:05.756  INFO 22484 --- [           main] c.e.d.c.CartControllerNegativeTest       : Starting CartControllerNegativeTest on VENGEANCE with PID 22484 (started by VENGEANCE$ in C:\Program Files (x86)\Jenkins\workspace\udacity-ecommerce)
2019-12-15 08:42:05.765  INFO 22484 --- [           main] c.e.d.c.CartControllerNegativeTest       : No active profile set, falling back to default profiles: default
2019-12-15 08:42:06.224  INFO 22484 --- [           main] .s.d.r.c.RepositoryConfigurationDelegate : Bootstrapping Spring Data repositories in DEFAULT mode.
2019-12-15 08:42:06.328  INFO 22484 --- [           main] .s.d.r.c.RepositoryConfigurationDelegate : Finished Spring Data repository scanning in 97ms. Found 4 repository interfaces.
2019-12-15 08:42:06.443  INFO 22484 --- [           main] beddedDataSourceBeanFactoryPostProcessor : Replacing 'dataSource' DataSource bean with embedded version
2019-12-15 08:42:06.815  INFO 22484 --- [           main] o.s.j.d.e.EmbeddedDatabaseFactory        : Starting embedded database: url='jdbc:h2:mem:882dc2a5-f720-4466-88d8-5a1c8c872fd9;DB_CLOSE_DELAY=-1;DB_CLOSE_ON_EXIT=false', username='sa'
2019-12-15 08:42:07.268  INFO 22484 --- [           main] o.hibernate.jpa.internal.util.LogHelper  : HHH000204: Processing PersistenceUnitInfo [
	name: default
	...]
2019-12-15 08:42:07.347  INFO 22484 --- [           main] org.hibernate.Version                    : HHH000412: Hibernate Core {5.3.10.Final}
2019-12-15 08:42:07.348  INFO 22484 --- [           main] org.hibernate.cfg.Environment            : HHH000206: hibernate.properties not found
2019-12-15 08:42:07.386  INFO 22484 --- [           main] o.hibernate.annotations.common.Version   : HCANN000001: Hibernate Commons Annotations {5.0.4.Final}
2019-12-15 08:42:07.522  INFO 22484 --- [           main] org.hibernate.dialect.Dialect            : HHH000400: Using dialect: org.hibernate.dialect.H2Dialect
Hibernate: create table cart (id bigint generated by default as identity, total decimal(19,2), primary key (id))
Hibernate: create table cart_items (cart_id bigint not null, items_id bigint not null)
Hibernate: create table item (id bigint generated by default as identity, description varchar(255) not null, name varchar(255) not null, price decimal(19,2) not null, primary key (id))
Hibernate: create table user (id bigint generated by default as identity, password varchar(255) not null, username varchar(255) not null, cart_id bigint, primary key (id))
Hibernate: create table user_order (id bigint generated by default as identity, total decimal(19,2), user_id bigint not null, primary key (id))
Hibernate: create table user_order_items (user_order_id bigint not null, items_id bigint not null)
Hibernate: alter table user drop constraint if exists UK_sb8bbouer5wak8vyiiy4pf2bx
Hibernate: alter table user add constraint UK_sb8bbouer5wak8vyiiy4pf2bx unique (username)
Hibernate: alter table cart_items add constraint FKbgmrxyvqs3kxt1im75fde3psy foreign key (items_id) references item
Hibernate: alter table cart_items add constraint FK99e0am9jpriwxcm6is7xfedy3 foreign key (cart_id) references cart
Hibernate: alter table user add constraint FKtqa69bib34k2c0jhe7afqsao6 foreign key (cart_id) references cart
Hibernate: alter table user_order add constraint FKj86u1x7csa8yd68ql2y1ibrou foreign key (user_id) references user
Hibernate: alter table user_order_items add constraint FKghpu6f1jrpho0deyeltq47u2u foreign key (items_id) references item
Hibernate: alter table user_order_items add constraint FKt6k533isn84ef898d6sln1xna foreign key (user_order_id) references user_order
2019-12-15 08:42:08.108  INFO 22484 --- [           main] j.LocalContainerEntityManagerFactoryBean : Initialized JPA EntityManagerFactory for persistence unit 'default'
2019-12-15 08:42:08.559  INFO 22484 --- [           main] c.e.d.c.CartControllerNegativeTest       : Started CartControllerNegativeTest in 3.042 seconds (JVM running for 4.34)
2019-12-15 08:42:08.574  INFO 22484 --- [           main] o.s.t.c.transaction.TransactionContext   : Began transaction (1) for test context [DefaultTestContext@7fee8714 testClass = CartControllerNegativeTest, testInstance = com.example.demo.controllers.CartControllerNegativeTest@2e8ab815, testMethod = remove_from_cart_item_not_found@CartControllerNegativeTest, testException = [null], mergedContextConfiguration = [MergedContextConfiguration@4229bb3f testClass = CartControllerNegativeTest, locations = '{}', classes = '{class com.example.demo.SareetaApplication}', contextInitializerClasses = '[]', activeProfiles = '{}', propertySourceLocations = '{}', propertySourceProperties = '{org.springframework.boot.test.autoconfigure.orm.jpa.DataJpaTestContextBootstrapper=true}', contextCustomizers = set[[ImportsContextCustomizer@56cdfb3b key = [org.springframework.boot.autoconfigure.cache.CacheAutoConfiguration, org.springframework.boot.autoconfigure.data.jpa.JpaRepositoriesAutoConfiguration, org.springframework.boot.autoconfigure.flyway.FlywayAutoConfiguration, org.springframework.boot.autoconfigure.jdbc.DataSourceAutoConfiguration, org.springframework.boot.autoconfigure.jdbc.DataSourceTransactionManagerAutoConfiguration, org.springframework.boot.autoconfigure.jdbc.JdbcTemplateAutoConfiguration, org.springframework.boot.autoconfigure.liquibase.LiquibaseAutoConfiguration, org.springframework.boot.autoconfigure.orm.jpa.HibernateJpaAutoConfiguration, org.springframework.boot.autoconfigure.transaction.TransactionAutoConfiguration, org.springframework.boot.test.autoconfigure.jdbc.TestDatabaseAutoConfiguration, org.springframework.boot.test.autoconfigure.orm.jpa.TestEntityManagerAutoConfiguration]], org.springframework.boot.test.context.filter.ExcludeFilterContextCustomizer@1fa268de, org.springframework.boot.test.json.DuplicateJsonObjectContextCustomizerFactory$DuplicateJsonObjectContextCustomizer@a514af7, org.springframework.boot.test.mock.mockito.MockitoContextCustomizer@0, org.springframework.boot.test.autoconfigure.OverrideAutoConfigurationContextCustomizerFactory$DisableAutoConfigurationContextCustomizer@5c5eefef, org.springframework.boot.test.autoconfigure.filter.TypeExcludeFiltersContextCustomizer@351584c0, org.springframework.boot.test.autoconfigure.properties.PropertyMappingContextCustomizer@fac44c8a, org.springframework.boot.test.autoconfigure.web.servlet.WebDriverContextCustomizerFactory$Customizer@35e2d654], contextLoader = 'org.springframework.boot.test.context.SpringBootContextLoader', parent = [null]], attributes = map[[empty]]]; transaction manager [org.springframework.orm.jpa.JpaTransactionManager@55e5415d]; rollback [true]
Hibernate: insert into user (id, cart_id, password, username) values (null, ?, ?, ?)
Hibernate: select item0_.id as id1_2_0_, item0_.description as descript2_2_0_, item0_.name as name3_2_0_, item0_.price as price4_2_0_ from item item0_ where item0_.id=?
Hibernate: insert into item (id, description, name, price) values (null, ?, ?, ?)
2019-12-15 08:42:08.645  INFO 22484 --- [           main] c.e.demo.controllers.CartController      : Activity in CartController.
2019-12-15 08:42:08.645  INFO 22484 --- [           main] c.e.demo.controllers.CartController      : POST request submitted to /removeFromCart
2019-12-15 08:42:08.663  INFO 22484 --- [           main] o.h.h.i.QueryTranslatorFactoryInitiator  : HHH000397: Using ASTQueryTranslatorFactory
Hibernate: select applicatio0_.id as id1_3_, applicatio0_.cart_id as cart_id4_3_, applicatio0_.password as password2_3_, applicatio0_.username as username3_3_ from user applicatio0_ where applicatio0_.username=?
Hibernate: select item0_.id as id1_2_0_, item0_.description as descript2_2_0_, item0_.name as name3_2_0_, item0_.price as price4_2_0_ from item item0_ where item0_.id=?
2019-12-15 08:42:08.745  INFO 22484 --- [           main] c.e.demo.controllers.CartController      : POST /removeFromCart failed. CAUSE: Item not found.
2019-12-15 08:42:08.755  INFO 22484 --- [           main] o.s.t.c.transaction.TransactionContext   : Rolled back transaction for test: [DefaultTestContext@7fee8714 testClass = CartControllerNegativeTest, testInstance = com.example.demo.controllers.CartControllerNegativeTest@2e8ab815, testMethod = remove_from_cart_item_not_found@CartControllerNegativeTest, testException = [null], mergedContextConfiguration = [MergedContextConfiguration@4229bb3f testClass = CartControllerNegativeTest, locations = '{}', classes = '{class com.example.demo.SareetaApplication}', contextInitializerClasses = '[]', activeProfiles = '{}', propertySourceLocations = '{}', propertySourceProperties = '{org.springframework.boot.test.autoconfigure.orm.jpa.DataJpaTestContextBootstrapper=true}', contextCustomizers = set[[ImportsContextCustomizer@56cdfb3b key = [org.springframework.boot.autoconfigure.cache.CacheAutoConfiguration, org.springframework.boot.autoconfigure.data.jpa.JpaRepositoriesAutoConfiguration, org.springframework.boot.autoconfigure.flyway.FlywayAutoConfiguration, org.springframework.boot.autoconfigure.jdbc.DataSourceAutoConfiguration, org.springframework.boot.autoconfigure.jdbc.DataSourceTransactionManagerAutoConfiguration, org.springframework.boot.autoconfigure.jdbc.JdbcTemplateAutoConfiguration, org.springframework.boot.autoconfigure.liquibase.LiquibaseAutoConfiguration, org.springframework.boot.autoconfigure.orm.jpa.HibernateJpaAutoConfiguration, org.springframework.boot.autoconfigure.transaction.TransactionAutoConfiguration, org.springframework.boot.test.autoconfigure.jdbc.TestDatabaseAutoConfiguration, org.springframework.boot.test.autoconfigure.orm.jpa.TestEntityManagerAutoConfiguration]], org.springframework.boot.test.context.filter.ExcludeFilterContextCustomizer@1fa268de, org.springframework.boot.test.json.DuplicateJsonObjectContextCustomizerFactory$DuplicateJsonObjectContextCustomizer@a514af7, org.springframework.boot.test.mock.mockito.MockitoContextCustomizer@0, org.springframework.boot.test.autoconfigure.OverrideAutoConfigurationContextCustomizerFactory$DisableAutoConfigurationContextCustomizer@5c5eefef, org.springframework.boot.test.autoconfigure.filter.TypeExcludeFiltersContextCustomizer@351584c0, org.springframework.boot.test.autoconfigure.properties.PropertyMappingContextCustomizer@fac44c8a, org.springframework.boot.test.autoconfigure.web.servlet.WebDriverContextCustomizerFactory$Customizer@35e2d654], contextLoader = 'org.springframework.boot.test.context.SpringBootContextLoader', parent = [null]], attributes = map[[empty]]]
2019-12-15 08:42:08.758  INFO 22484 --- [           main] o.s.t.c.transaction.TransactionContext   : Began transaction (1) for test context [DefaultTestContext@7fee8714 testClass = CartControllerNegativeTest, testInstance = com.example.demo.controllers.CartControllerNegativeTest@547052, testMethod = remove_from_cart_no_user@CartControllerNegativeTest, testException = [null], mergedContextConfiguration = [MergedContextConfiguration@4229bb3f testClass = CartControllerNegativeTest, locations = '{}', classes = '{class com.example.demo.SareetaApplication}', contextInitializerClasses = '[]', activeProfiles = '{}', propertySourceLocations = '{}', propertySourceProperties = '{org.springframework.boot.test.autoconfigure.orm.jpa.DataJpaTestContextBootstrapper=true}', contextCustomizers = set[[ImportsContextCustomizer@56cdfb3b key = [org.springframework.boot.autoconfigure.cache.CacheAutoConfiguration, org.springframework.boot.autoconfigure.data.jpa.JpaRepositoriesAutoConfiguration, org.springframework.boot.autoconfigure.flyway.FlywayAutoConfiguration, org.springframework.boot.autoconfigure.jdbc.DataSourceAutoConfiguration, org.springframework.boot.autoconfigure.jdbc.DataSourceTransactionManagerAutoConfiguration, org.springframework.boot.autoconfigure.jdbc.JdbcTemplateAutoConfiguration, org.springframework.boot.autoconfigure.liquibase.LiquibaseAutoConfiguration, org.springframework.boot.autoconfigure.orm.jpa.HibernateJpaAutoConfiguration, org.springframework.boot.autoconfigure.transaction.TransactionAutoConfiguration, org.springframework.boot.test.autoconfigure.jdbc.TestDatabaseAutoConfiguration, org.springframework.boot.test.autoconfigure.orm.jpa.TestEntityManagerAutoConfiguration]], org.springframework.boot.test.context.filter.ExcludeFilterContextCustomizer@1fa268de, org.springframework.boot.test.json.DuplicateJsonObjectContextCustomizerFactory$DuplicateJsonObjectContextCustomizer@a514af7, org.springframework.boot.test.mock.mockito.MockitoContextCustomizer@0, org.springframework.boot.test.autoconfigure.OverrideAutoConfigurationContextCustomizerFactory$DisableAutoConfigurationContextCustomizer@5c5eefef, org.springframework.boot.test.autoconfigure.filter.TypeExcludeFiltersContextCustomizer@351584c0, org.springframework.boot.test.autoconfigure.properties.PropertyMappingContextCustomizer@fac44c8a, org.springframework.boot.test.autoconfigure.web.servlet.WebDriverContextCustomizerFactory$Customizer@35e2d654], contextLoader = 'org.springframework.boot.test.context.SpringBootContextLoader', parent = [null]], attributes = map[[empty]]]; transaction manager [org.springframework.orm.jpa.JpaTransactionManager@55e5415d]; rollback [true]
Hibernate: insert into user (id, cart_id, password, username) values (null, ?, ?, ?)
Hibernate: select item0_.id as id1_2_0_, item0_.description as descript2_2_0_, item0_.name as name3_2_0_, item0_.price as price4_2_0_ from item item0_ where item0_.id=?
Hibernate: insert into item (id, description, name, price) values (null, ?, ?, ?)
2019-12-15 08:42:08.763  INFO 22484 --- [           main] c.e.demo.controllers.CartController      : Activity in CartController.
2019-12-15 08:42:08.763  INFO 22484 --- [           main] c.e.demo.controllers.CartController      : POST request submitted to /removeFromCart
Hibernate: select applicatio0_.id as id1_3_, applicatio0_.cart_id as cart_id4_3_, applicatio0_.password as password2_3_, applicatio0_.username as username3_3_ from user applicatio0_ where applicatio0_.username is null
2019-12-15 08:42:08.768  INFO 22484 --- [           main] c.e.demo.controllers.CartController      : POST /removeFromCart failed. CAUSE: User not found.
2019-12-15 08:42:08.770  INFO 22484 --- [           main] o.s.t.c.transaction.TransactionContext   : Rolled back transaction for test: [DefaultTestContext@7fee8714 testClass = CartControllerNegativeTest, testInstance = com.example.demo.controllers.CartControllerNegativeTest@547052, testMethod = remove_from_cart_no_user@CartControllerNegativeTest, testException = [null], mergedContextConfiguration = [MergedContextConfiguration@4229bb3f testClass = CartControllerNegativeTest, locations = '{}', classes = '{class com.example.demo.SareetaApplication}', contextInitializerClasses = '[]', activeProfiles = '{}', propertySourceLocations = '{}', propertySourceProperties = '{org.springframework.boot.test.autoconfigure.orm.jpa.DataJpaTestContextBootstrapper=true}', contextCustomizers = set[[ImportsContextCustomizer@56cdfb3b key = [org.springframework.boot.autoconfigure.cache.CacheAutoConfiguration, org.springframework.boot.autoconfigure.data.jpa.JpaRepositoriesAutoConfiguration, org.springframework.boot.autoconfigure.flyway.FlywayAutoConfiguration, org.springframework.boot.autoconfigure.jdbc.DataSourceAutoConfiguration, org.springframework.boot.autoconfigure.jdbc.DataSourceTransactionManagerAutoConfiguration, org.springframework.boot.autoconfigure.jdbc.JdbcTemplateAutoConfiguration, org.springframework.boot.autoconfigure.liquibase.LiquibaseAutoConfiguration, org.springframework.boot.autoconfigure.orm.jpa.HibernateJpaAutoConfiguration, org.springframework.boot.autoconfigure.transaction.TransactionAutoConfiguration, org.springframework.boot.test.autoconfigure.jdbc.TestDatabaseAutoConfiguration, org.springframework.boot.test.autoconfigure.orm.jpa.TestEntityManagerAutoConfiguration]], org.springframework.boot.test.context.filter.ExcludeFilterContextCustomizer@1fa268de, org.springframework.boot.test.json.DuplicateJsonObjectContextCustomizerFactory$DuplicateJsonObjectContextCustomizer@a514af7, org.springframework.boot.test.mock.mockito.MockitoContextCustomizer@0, org.springframework.boot.test.autoconfigure.OverrideAutoConfigurationContextCustomizerFactory$DisableAutoConfigurationContextCustomizer@5c5eefef, org.springframework.boot.test.autoconfigure.filter.TypeExcludeFiltersContextCustomizer@351584c0, org.springframework.boot.test.autoconfigure.properties.PropertyMappingContextCustomizer@fac44c8a, org.springframework.boot.test.autoconfigure.web.servlet.WebDriverContextCustomizerFactory$Customizer@35e2d654], contextLoader = 'org.springframework.boot.test.context.SpringBootContextLoader', parent = [null]], attributes = map[[empty]]]
2019-12-15 08:42:08.774  INFO 22484 --- [           main] o.s.t.c.transaction.TransactionContext   : Began transaction (1) for test context [DefaultTestContext@7fee8714 testClass = CartControllerNegativeTest, testInstance = com.example.demo.controllers.CartControllerNegativeTest@7aab98b6, testMethod = add_to_cart_item_not_found@CartControllerNegativeTest, testException = [null], mergedContextConfiguration = [MergedContextConfiguration@4229bb3f testClass = CartControllerNegativeTest, locations = '{}', classes = '{class com.example.demo.SareetaApplication}', contextInitializerClasses = '[]', activeProfiles = '{}', propertySourceLocations = '{}', propertySourceProperties = '{org.springframework.boot.test.autoconfigure.orm.jpa.DataJpaTestContextBootstrapper=true}', contextCustomizers = set[[ImportsContextCustomizer@56cdfb3b key = [org.springframework.boot.autoconfigure.cache.CacheAutoConfiguration, org.springframework.boot.autoconfigure.data.jpa.JpaRepositoriesAutoConfiguration, org.springframework.boot.autoconfigure.flyway.FlywayAutoConfiguration, org.springframework.boot.autoconfigure.jdbc.DataSourceAutoConfiguration, org.springframework.boot.autoconfigure.jdbc.DataSourceTransactionManagerAutoConfiguration, org.springframework.boot.autoconfigure.jdbc.JdbcTemplateAutoConfiguration, org.springframework.boot.autoconfigure.liquibase.LiquibaseAutoConfiguration, org.springframework.boot.autoconfigure.orm.jpa.HibernateJpaAutoConfiguration, org.springframework.boot.autoconfigure.transaction.TransactionAutoConfiguration, org.springframework.boot.test.autoconfigure.jdbc.TestDatabaseAutoConfiguration, org.springframework.boot.test.autoconfigure.orm.jpa.TestEntityManagerAutoConfiguration]], org.springframework.boot.test.context.filter.ExcludeFilterContextCustomizer@1fa268de, org.springframework.boot.test.json.DuplicateJsonObjectContextCustomizerFactory$DuplicateJsonObjectContextCustomizer@a514af7, org.springframework.boot.test.mock.mockito.MockitoContextCustomizer@0, org.springframework.boot.test.autoconfigure.OverrideAutoConfigurationContextCustomizerFactory$DisableAutoConfigurationContextCustomizer@5c5eefef, org.springframework.boot.test.autoconfigure.filter.TypeExcludeFiltersContextCustomizer@351584c0, org.springframework.boot.test.autoconfigure.properties.PropertyMappingContextCustomizer@fac44c8a, org.springframework.boot.test.autoconfigure.web.servlet.WebDriverContextCustomizerFactory$Customizer@35e2d654], contextLoader = 'org.springframework.boot.test.context.SpringBootContextLoader', parent = [null]], attributes = map[[empty]]]; transaction manager [org.springframework.orm.jpa.JpaTransactionManager@55e5415d]; rollback [true]
Hibernate: insert into user (id, cart_id, password, username) values (null, ?, ?, ?)
Hibernate: select item0_.id as id1_2_0_, item0_.description as descript2_2_0_, item0_.name as name3_2_0_, item0_.price as price4_2_0_ from item item0_ where item0_.id=?
Hibernate: insert into item (id, description, name, price) values (null, ?, ?, ?)
2019-12-15 08:42:08.778  INFO 22484 --- [           main] c.e.demo.controllers.CartController      : Activity in CartController.
2019-12-15 08:42:08.778  INFO 22484 --- [           main] c.e.demo.controllers.CartController      : POST request submitted to /addToCart
Hibernate: select applicatio0_.id as id1_3_, applicatio0_.cart_id as cart_id4_3_, applicatio0_.password as password2_3_, applicatio0_.username as username3_3_ from user applicatio0_ where applicatio0_.username=?
Hibernate: select item0_.id as id1_2_0_, item0_.description as descript2_2_0_, item0_.name as name3_2_0_, item0_.price as price4_2_0_ from item item0_ where item0_.id=?
2019-12-15 08:42:08.781  INFO 22484 --- [           main] c.e.demo.controllers.CartController      : POST /addToCart failed. CAUSE: Item not found.
2019-12-15 08:42:08.784  INFO 22484 --- [           main] o.s.t.c.transaction.TransactionContext   : Rolled back transaction for test: [DefaultTestContext@7fee8714 testClass = CartControllerNegativeTest, testInstance = com.example.demo.controllers.CartControllerNegativeTest@7aab98b6, testMethod = add_to_cart_item_not_found@CartControllerNegativeTest, testException = [null], mergedContextConfiguration = [MergedContextConfiguration@4229bb3f testClass = CartControllerNegativeTest, locations = '{}', classes = '{class com.example.demo.SareetaApplication}', contextInitializerClasses = '[]', activeProfiles = '{}', propertySourceLocations = '{}', propertySourceProperties = '{org.springframework.boot.test.autoconfigure.orm.jpa.DataJpaTestContextBootstrapper=true}', contextCustomizers = set[[ImportsContextCustomizer@56cdfb3b key = [org.springframework.boot.autoconfigure.cache.CacheAutoConfiguration, org.springframework.boot.autoconfigure.data.jpa.JpaRepositoriesAutoConfiguration, org.springframework.boot.autoconfigure.flyway.FlywayAutoConfiguration, org.springframework.boot.autoconfigure.jdbc.DataSourceAutoConfiguration, org.springframework.boot.autoconfigure.jdbc.DataSourceTransactionManagerAutoConfiguration, org.springframework.boot.autoconfigure.jdbc.JdbcTemplateAutoConfiguration, org.springframework.boot.autoconfigure.liquibase.LiquibaseAutoConfiguration, org.springframework.boot.autoconfigure.orm.jpa.HibernateJpaAutoConfiguration, org.springframework.boot.autoconfigure.transaction.TransactionAutoConfiguration, org.springframework.boot.test.autoconfigure.jdbc.TestDatabaseAutoConfiguration, org.springframework.boot.test.autoconfigure.orm.jpa.TestEntityManagerAutoConfiguration]], org.springframework.boot.test.context.filter.ExcludeFilterContextCustomizer@1fa268de, org.springframework.boot.test.json.DuplicateJsonObjectContextCustomizerFactory$DuplicateJsonObjectContextCustomizer@a514af7, org.springframework.boot.test.mock.mockito.MockitoContextCustomizer@0, org.springframework.boot.test.autoconfigure.OverrideAutoConfigurationContextCustomizerFactory$DisableAutoConfigurationContextCustomizer@5c5eefef, org.springframework.boot.test.autoconfigure.filter.TypeExcludeFiltersContextCustomizer@351584c0, org.springframework.boot.test.autoconfigure.properties.PropertyMappingContextCustomizer@fac44c8a, org.springframework.boot.test.autoconfigure.web.servlet.WebDriverContextCustomizerFactory$Customizer@35e2d654], contextLoader = 'org.springframework.boot.test.context.SpringBootContextLoader', parent = [null]], attributes = map[[empty]]]
2019-12-15 08:42:08.787  INFO 22484 --- [           main] o.s.t.c.transaction.TransactionContext   : Began transaction (1) for test context [DefaultTestContext@7fee8714 testClass = CartControllerNegativeTest, testInstance = com.example.demo.controllers.CartControllerNegativeTest@3cfab340, testMethod = add_to_cart_no_user@CartControllerNegativeTest, testException = [null], mergedContextConfiguration = [MergedContextConfiguration@4229bb3f testClass = CartControllerNegativeTest, locations = '{}', classes = '{class com.example.demo.SareetaApplication}', contextInitializerClasses = '[]', activeProfiles = '{}', propertySourceLocations = '{}', propertySourceProperties = '{org.springframework.boot.test.autoconfigure.orm.jpa.DataJpaTestContextBootstrapper=true}', contextCustomizers = set[[ImportsContextCustomizer@56cdfb3b key = [org.springframework.boot.autoconfigure.cache.CacheAutoConfiguration, org.springframework.boot.autoconfigure.data.jpa.JpaRepositoriesAutoConfiguration, org.springframework.boot.autoconfigure.flyway.FlywayAutoConfiguration, org.springframework.boot.autoconfigure.jdbc.DataSourceAutoConfiguration, org.springframework.boot.autoconfigure.jdbc.DataSourceTransactionManagerAutoConfiguration, org.springframework.boot.autoconfigure.jdbc.JdbcTemplateAutoConfiguration, org.springframework.boot.autoconfigure.liquibase.LiquibaseAutoConfiguration, org.springframework.boot.autoconfigure.orm.jpa.HibernateJpaAutoConfiguration, org.springframework.boot.autoconfigure.transaction.TransactionAutoConfiguration, org.springframework.boot.test.autoconfigure.jdbc.TestDatabaseAutoConfiguration, org.springframework.boot.test.autoconfigure.orm.jpa.TestEntityManagerAutoConfiguration]], org.springframework.boot.test.context.filter.ExcludeFilterContextCustomizer@1fa268de, org.springframework.boot.test.json.DuplicateJsonObjectContextCustomizerFactory$DuplicateJsonObjectContextCustomizer@a514af7, org.springframework.boot.test.mock.mockito.MockitoContextCustomizer@0, org.springframework.boot.test.autoconfigure.OverrideAutoConfigurationContextCustomizerFactory$DisableAutoConfigurationContextCustomizer@5c5eefef, org.springframework.boot.test.autoconfigure.filter.TypeExcludeFiltersContextCustomizer@351584c0, org.springframework.boot.test.autoconfigure.properties.PropertyMappingContextCustomizer@fac44c8a, org.springframework.boot.test.autoconfigure.web.servlet.WebDriverContextCustomizerFactory$Customizer@35e2d654], contextLoader = 'org.springframework.boot.test.context.SpringBootContextLoader', parent = [null]], attributes = map[[empty]]]; transaction manager [org.springframework.orm.jpa.JpaTransactionManager@55e5415d]; rollback [true]
Hibernate: insert into user (id, cart_id, password, username) values (null, ?, ?, ?)
Hibernate: select item0_.id as id1_2_0_, item0_.description as descript2_2_0_, item0_.name as name3_2_0_, item0_.price as price4_2_0_ from item item0_ where item0_.id=?
Hibernate: insert into item (id, description, name, price) values (null, ?, ?, ?)
2019-12-15 08:42:08.793  INFO 22484 --- [           main] c.e.demo.controllers.CartController      : Activity in CartController.
2019-12-15 08:42:08.793  INFO 22484 --- [           main] c.e.demo.controllers.CartController      : POST request submitted to /addToCart
Hibernate: select applicatio0_.id as id1_3_, applicatio0_.cart_id as cart_id4_3_, applicatio0_.password as password2_3_, applicatio0_.username as username3_3_ from user applicatio0_ where applicatio0_.username is null
2019-12-15 08:42:08.795  INFO 22484 --- [           main] c.e.demo.controllers.CartController      : POST /addToCart failed. CAUSE: User not found.
2019-12-15 08:42:08.797  INFO 22484 --- [           main] o.s.t.c.transaction.TransactionContext   : Rolled back transaction for test: [DefaultTestContext@7fee8714 testClass = CartControllerNegativeTest, testInstance = com.example.demo.controllers.CartControllerNegativeTest@3cfab340, testMethod = add_to_cart_no_user@CartControllerNegativeTest, testException = [null], mergedContextConfiguration = [MergedContextConfiguration@4229bb3f testClass = CartControllerNegativeTest, locations = '{}', classes = '{class com.example.demo.SareetaApplication}', contextInitializerClasses = '[]', activeProfiles = '{}', propertySourceLocations = '{}', propertySourceProperties = '{org.springframework.boot.test.autoconfigure.orm.jpa.DataJpaTestContextBootstrapper=true}', contextCustomizers = set[[ImportsContextCustomizer@56cdfb3b key = [org.springframework.boot.autoconfigure.cache.CacheAutoConfiguration, org.springframework.boot.autoconfigure.data.jpa.JpaRepositoriesAutoConfiguration, org.springframework.boot.autoconfigure.flyway.FlywayAutoConfiguration, org.springframework.boot.autoconfigure.jdbc.DataSourceAutoConfiguration, org.springframework.boot.autoconfigure.jdbc.DataSourceTransactionManagerAutoConfiguration, org.springframework.boot.autoconfigure.jdbc.JdbcTemplateAutoConfiguration, org.springframework.boot.autoconfigure.liquibase.LiquibaseAutoConfiguration, org.springframework.boot.autoconfigure.orm.jpa.HibernateJpaAutoConfiguration, org.springframework.boot.autoconfigure.transaction.TransactionAutoConfiguration, org.springframework.boot.test.autoconfigure.jdbc.TestDatabaseAutoConfiguration, org.springframework.boot.test.autoconfigure.orm.jpa.TestEntityManagerAutoConfiguration]], org.springframework.boot.test.context.filter.ExcludeFilterContextCustomizer@1fa268de, org.springframework.boot.test.json.DuplicateJsonObjectContextCustomizerFactory$DuplicateJsonObjectContextCustomizer@a514af7, org.springframework.boot.test.mock.mockito.MockitoContextCustomizer@0, org.springframework.boot.test.autoconfigure.OverrideAutoConfigurationContextCustomizerFactory$DisableAutoConfigurationContextCustomizer@5c5eefef, org.springframework.boot.test.autoconfigure.filter.TypeExcludeFiltersContextCustomizer@351584c0, org.springframework.boot.test.autoconfigure.properties.PropertyMappingContextCustomizer@fac44c8a, org.springframework.boot.test.autoconfigure.web.servlet.WebDriverContextCustomizerFactory$Customizer@35e2d654], contextLoader = 'org.springframework.boot.test.context.SpringBootContextLoader', parent = [null]], attributes = map[[empty]]]
[INFO] Tests run: 4, Failures: 0, Errors: 0, Skipped: 0, Time elapsed: 4.261 s - in com.example.demo.controllers.CartControllerNegativeTest
[INFO] Running com.example.demo.controllers.CartControllerTest
2019-12-15 08:42:08.799  INFO 22484 --- [           main] b.t.a.o.j.DataJpaTestContextBootstrapper : Neither @ContextConfiguration nor @ContextHierarchy found for test class [com.example.demo.controllers.CartControllerTest], using SpringBootContextLoader
2019-12-15 08:42:08.800  INFO 22484 --- [           main] o.s.t.c.support.AbstractContextLoader    : Could not detect default resource locations for test class [com.example.demo.controllers.CartControllerTest]: no resource found for suffixes {-context.xml, Context.groovy}.
2019-12-15 08:42:08.801  INFO 22484 --- [           main] t.c.s.AnnotationConfigContextLoaderUtils : Could not detect default configuration classes for test class [com.example.demo.controllers.CartControllerTest]: CartControllerTest does not declare any static, non-private, non-final, nested classes annotated with @Configuration.
2019-12-15 08:42:08.808  INFO 22484 --- [           main] .b.t.c.SpringBootTestContextBootstrapper : Found @SpringBootConfiguration com.example.demo.SareetaApplication for test class com.example.demo.controllers.CartControllerTest
2019-12-15 08:42:08.809  INFO 22484 --- [           main] b.t.a.o.j.DataJpaTestContextBootstrapper : Loaded default TestExecutionListener class names from location [META-INF/spring.factories]: [org.springframework.boot.test.mock.mockito.MockitoTestExecutionListener, org.springframework.boot.test.mock.mockito.ResetMocksTestExecutionListener, org.springframework.boot.test.autoconfigure.restdocs.RestDocsTestExecutionListener, org.springframework.boot.test.autoconfigure.web.client.MockRestServiceServerResetTestExecutionListener, org.springframework.boot.test.autoconfigure.web.servlet.MockMvcPrintOnlyOnFailureTestExecutionListener, org.springframework.boot.test.autoconfigure.web.servlet.WebDriverTestExecutionListener, org.springframework.test.context.web.ServletTestExecutionListener, org.springframework.test.context.support.DirtiesContextBeforeModesTestExecutionListener, org.springframework.test.context.support.DependencyInjectionTestExecutionListener, org.springframework.test.context.support.DirtiesContextTestExecutionListener, org.springframework.test.context.transaction.TransactionalTestExecutionListener, org.springframework.test.context.jdbc.SqlScriptsTestExecutionListener, org.springframework.security.test.context.support.WithSecurityContextTestExecutionListener, org.springframework.security.test.context.support.ReactorContextTestExecutionListener]
2019-12-15 08:42:08.810  INFO 22484 --- [           main] b.t.a.o.j.DataJpaTestContextBootstrapper : Using TestExecutionListeners: [org.springframework.test.context.web.ServletTestExecutionListener@146db8a6, org.springframework.test.context.support.DirtiesContextBeforeModesTestExecutionListener@2a20da9f, org.springframework.boot.test.mock.mockito.MockitoTestExecutionListener@40c0437f, org.springframework.boot.test.autoconfigure.SpringBootDependencyInjectionTestExecutionListener@78b8f818, org.springframework.test.context.support.DirtiesContextTestExecutionListener@1e9d721, org.springframework.test.context.transaction.TransactionalTestExecutionListener@2d3111a1, org.springframework.test.context.jdbc.SqlScriptsTestExecutionListener@6f2864c3, org.springframework.security.test.context.support.WithSecurityContextTestExecutionListener@50ef2906, org.springframework.security.test.context.support.ReactorContextTestExecutionListener@1f70bce5, org.springframework.boot.test.mock.mockito.ResetMocksTestExecutionListener@3ae91ab3, org.springframework.boot.test.autoconfigure.restdocs.RestDocsTestExecutionListener@16cb6f51, org.springframework.boot.test.autoconfigure.web.client.MockRestServiceServerResetTestExecutionListener@3fc5d397, org.springframework.boot.test.autoconfigure.web.servlet.MockMvcPrintOnlyOnFailureTestExecutionListener@25c8c71e, org.springframework.boot.test.autoconfigure.web.servlet.WebDriverTestExecutionListener@57867d96]
2019-12-15 08:42:08.892  INFO 22484 --- [           main] o.s.t.c.transaction.TransactionContext   : Began transaction (1) for test context [DefaultTestContext@34647f58 testClass = CartControllerTest, testInstance = com.example.demo.controllers.CartControllerTest@14b96c1e, testMethod = add_to_cart_happy_path@CartControllerTest, testException = [null], mergedContextConfiguration = [MergedContextConfiguration@229514ff testClass = CartControllerTest, locations = '{}', classes = '{class com.example.demo.SareetaApplication}', contextInitializerClasses = '[]', activeProfiles = '{}', propertySourceLocations = '{}', propertySourceProperties = '{org.springframework.boot.test.autoconfigure.orm.jpa.DataJpaTestContextBootstrapper=true}', contextCustomizers = set[[ImportsContextCustomizer@664254b6 key = [org.springframework.boot.autoconfigure.cache.CacheAutoConfiguration, org.springframework.boot.autoconfigure.data.jpa.JpaRepositoriesAutoConfiguration, org.springframework.boot.autoconfigure.flyway.FlywayAutoConfiguration, org.springframework.boot.autoconfigure.jdbc.DataSourceAutoConfiguration, org.springframework.boot.autoconfigure.jdbc.DataSourceTransactionManagerAutoConfiguration, org.springframework.boot.autoconfigure.jdbc.JdbcTemplateAutoConfiguration, org.springframework.boot.autoconfigure.liquibase.LiquibaseAutoConfiguration, org.springframework.boot.autoconfigure.orm.jpa.HibernateJpaAutoConfiguration, org.springframework.boot.autoconfigure.transaction.TransactionAutoConfiguration, org.springframework.boot.test.autoconfigure.jdbc.TestDatabaseAutoConfiguration, org.springframework.boot.test.autoconfigure.orm.jpa.TestEntityManagerAutoConfiguration]], org.springframework.boot.test.context.filter.ExcludeFilterContextCustomizer@1fa268de, org.springframework.boot.test.json.DuplicateJsonObjectContextCustomizerFactory$DuplicateJsonObjectContextCustomizer@a514af7, org.springframework.boot.test.mock.mockito.MockitoContextCustomizer@0, org.springframework.boot.test.autoconfigure.OverrideAutoConfigurationContextCustomizerFactory$DisableAutoConfigurationContextCustomizer@5c5eefef, org.springframework.boot.test.autoconfigure.filter.TypeExcludeFiltersContextCustomizer@351584c0, org.springframework.boot.test.autoconfigure.properties.PropertyMappingContextCustomizer@fac44c8a, org.springframework.boot.test.autoconfigure.web.servlet.WebDriverContextCustomizerFactory$Customizer@35e2d654], contextLoader = 'org.springframework.boot.test.context.SpringBootContextLoader', parent = [null]], attributes = map[[empty]]]; transaction manager [org.springframework.orm.jpa.JpaTransactionManager@55e5415d]; rollback [true]
2019-12-15 08:42:08.914  INFO 22484 --- [           main] c.e.demo.controllers.CartController      : Activity in CartController.
2019-12-15 08:42:08.914  INFO 22484 --- [           main] c.e.demo.controllers.CartController      : POST request submitted to /addToCart
2019-12-15 08:42:08.917  INFO 22484 --- [           main] c.e.demo.controllers.CartController      : POST /addToCart failed. CAUSE: Item not found.
2019-12-15 08:42:08.919  INFO 22484 --- [           main] o.s.t.c.transaction.TransactionContext   : Rolled back transaction for test: [DefaultTestContext@34647f58 testClass = CartControllerTest, testInstance = com.example.demo.controllers.CartControllerTest@14b96c1e, testMethod = add_to_cart_happy_path@CartControllerTest, testException = [null], mergedContextConfiguration = [MergedContextConfiguration@229514ff testClass = CartControllerTest, locations = '{}', classes = '{class com.example.demo.SareetaApplication}', contextInitializerClasses = '[]', activeProfiles = '{}', propertySourceLocations = '{}', propertySourceProperties = '{org.springframework.boot.test.autoconfigure.orm.jpa.DataJpaTestContextBootstrapper=true}', contextCustomizers = set[[ImportsContextCustomizer@664254b6 key = [org.springframework.boot.autoconfigure.cache.CacheAutoConfiguration, org.springframework.boot.autoconfigure.data.jpa.JpaRepositoriesAutoConfiguration, org.springframework.boot.autoconfigure.flyway.FlywayAutoConfiguration, org.springframework.boot.autoconfigure.jdbc.DataSourceAutoConfiguration, org.springframework.boot.autoconfigure.jdbc.DataSourceTransactionManagerAutoConfiguration, org.springframework.boot.autoconfigure.jdbc.JdbcTemplateAutoConfiguration, org.springframework.boot.autoconfigure.liquibase.LiquibaseAutoConfiguration, org.springframework.boot.autoconfigure.orm.jpa.HibernateJpaAutoConfiguration, org.springframework.boot.autoconfigure.transaction.TransactionAutoConfiguration, org.springframework.boot.test.autoconfigure.jdbc.TestDatabaseAutoConfiguration, org.springframework.boot.test.autoconfigure.orm.jpa.TestEntityManagerAutoConfiguration]], org.springframework.boot.test.context.filter.ExcludeFilterContextCustomizer@1fa268de, org.springframework.boot.test.json.DuplicateJsonObjectContextCustomizerFactory$DuplicateJsonObjectContextCustomizer@a514af7, org.springframework.boot.test.mock.mockito.MockitoContextCustomizer@0, org.springframework.boot.test.autoconfigure.OverrideAutoConfigurationContextCustomizerFactory$DisableAutoConfigurationContextCustomizer@5c5eefef, org.springframework.boot.test.autoconfigure.filter.TypeExcludeFiltersContextCustomizer@351584c0, org.springframework.boot.test.autoconfigure.properties.PropertyMappingContextCustomizer@fac44c8a, org.springframework.boot.test.autoconfigure.web.servlet.WebDriverContextCustomizerFactory$Customizer@35e2d654], contextLoader = 'org.springframework.boot.test.context.SpringBootContextLoader', parent = [null]], attributes = map[[empty]]]
2019-12-15 08:42:08.924  INFO 22484 --- [           main] o.s.t.c.transaction.TransactionContext   : Began transaction (1) for test context [DefaultTestContext@34647f58 testClass = CartControllerTest, testInstance = com.example.demo.controllers.CartControllerTest@5308e79d, testMethod = remove_from_cart_happy_path@CartControllerTest, testException = [null], mergedContextConfiguration = [MergedContextConfiguration@229514ff testClass = CartControllerTest, locations = '{}', classes = '{class com.example.demo.SareetaApplication}', contextInitializerClasses = '[]', activeProfiles = '{}', propertySourceLocations = '{}', propertySourceProperties = '{org.springframework.boot.test.autoconfigure.orm.jpa.DataJpaTestContextBootstrapper=true}', contextCustomizers = set[[ImportsContextCustomizer@664254b6 key = [org.springframework.boot.autoconfigure.cache.CacheAutoConfiguration, org.springframework.boot.autoconfigure.data.jpa.JpaRepositoriesAutoConfiguration, org.springframework.boot.autoconfigure.flyway.FlywayAutoConfiguration, org.springframework.boot.autoconfigure.jdbc.DataSourceAutoConfiguration, org.springframework.boot.autoconfigure.jdbc.DataSourceTransactionManagerAutoConfiguration, org.springframework.boot.autoconfigure.jdbc.JdbcTemplateAutoConfiguration, org.springframework.boot.autoconfigure.liquibase.LiquibaseAutoConfiguration, org.springframework.boot.autoconfigure.orm.jpa.HibernateJpaAutoConfiguration, org.springframework.boot.autoconfigure.transaction.TransactionAutoConfiguration, org.springframework.boot.test.autoconfigure.jdbc.TestDatabaseAutoConfiguration, org.springframework.boot.test.autoconfigure.orm.jpa.TestEntityManagerAutoConfiguration]], org.springframework.boot.test.context.filter.ExcludeFilterContextCustomizer@1fa268de, org.springframework.boot.test.json.DuplicateJsonObjectContextCustomizerFactory$DuplicateJsonObjectContextCustomizer@a514af7, org.springframework.boot.test.mock.mockito.MockitoContextCustomizer@0, org.springframework.boot.test.autoconfigure.OverrideAutoConfigurationContextCustomizerFactory$DisableAutoConfigurationContextCustomizer@5c5eefef, org.springframework.boot.test.autoconfigure.filter.TypeExcludeFiltersContextCustomizer@351584c0, org.springframework.boot.test.autoconfigure.properties.PropertyMappingContextCustomizer@fac44c8a, org.springframework.boot.test.autoconfigure.web.servlet.WebDriverContextCustomizerFactory$Customizer@35e2d654], contextLoader = 'org.springframework.boot.test.context.SpringBootContextLoader', parent = [null]], attributes = map[[empty]]]; transaction manager [org.springframework.orm.jpa.JpaTransactionManager@55e5415d]; rollback [true]
2019-12-15 08:42:08.925  INFO 22484 --- [           main] c.e.demo.controllers.CartController      : Activity in CartController.
2019-12-15 08:42:08.925  INFO 22484 --- [           main] c.e.demo.controllers.CartController      : POST request submitted to /removeFromCart
2019-12-15 08:42:08.926  INFO 22484 --- [           main] c.e.demo.controllers.CartController      : POST /removeFromCart failed. CAUSE: User not found.
2019-12-15 08:42:08.927  INFO 22484 --- [           main] o.s.t.c.transaction.TransactionContext   : Rolled back transaction for test: [DefaultTestContext@34647f58 testClass = CartControllerTest, testInstance = com.example.demo.controllers.CartControllerTest@5308e79d, testMethod = remove_from_cart_happy_path@CartControllerTest, testException = [null], mergedContextConfiguration = [MergedContextConfiguration@229514ff testClass = CartControllerTest, locations = '{}', classes = '{class com.example.demo.SareetaApplication}', contextInitializerClasses = '[]', activeProfiles = '{}', propertySourceLocations = '{}', propertySourceProperties = '{org.springframework.boot.test.autoconfigure.orm.jpa.DataJpaTestContextBootstrapper=true}', contextCustomizers = set[[ImportsContextCustomizer@664254b6 key = [org.springframework.boot.autoconfigure.cache.CacheAutoConfiguration, org.springframework.boot.autoconfigure.data.jpa.JpaRepositoriesAutoConfiguration, org.springframework.boot.autoconfigure.flyway.FlywayAutoConfiguration, org.springframework.boot.autoconfigure.jdbc.DataSourceAutoConfiguration, org.springframework.boot.autoconfigure.jdbc.DataSourceTransactionManagerAutoConfiguration, org.springframework.boot.autoconfigure.jdbc.JdbcTemplateAutoConfiguration, org.springframework.boot.autoconfigure.liquibase.LiquibaseAutoConfiguration, org.springframework.boot.autoconfigure.orm.jpa.HibernateJpaAutoConfiguration, org.springframework.boot.autoconfigure.transaction.TransactionAutoConfiguration, org.springframework.boot.test.autoconfigure.jdbc.TestDatabaseAutoConfiguration, org.springframework.boot.test.autoconfigure.orm.jpa.TestEntityManagerAutoConfiguration]], org.springframework.boot.test.context.filter.ExcludeFilterContextCustomizer@1fa268de, org.springframework.boot.test.json.DuplicateJsonObjectContextCustomizerFactory$DuplicateJsonObjectContextCustomizer@a514af7, org.springframework.boot.test.mock.mockito.MockitoContextCustomizer@0, org.springframework.boot.test.autoconfigure.OverrideAutoConfigurationContextCustomizerFactory$DisableAutoConfigurationContextCustomizer@5c5eefef, org.springframework.boot.test.autoconfigure.filter.TypeExcludeFiltersContextCustomizer@351584c0, org.springframework.boot.test.autoconfigure.properties.PropertyMappingContextCustomizer@fac44c8a, org.springframework.boot.test.autoconfigure.web.servlet.WebDriverContextCustomizerFactory$Customizer@35e2d654], contextLoader = 'org.springframework.boot.test.context.SpringBootContextLoader', parent = [null]], attributes = map[[empty]]]
[INFO] Tests run: 2, Failures: 0, Errors: 0, Skipped: 0, Time elapsed: 0.096 s - in com.example.demo.controllers.CartControllerTest
[INFO] Running com.example.demo.controllers.ItemControllerTest
2019-12-15 08:42:08.931  INFO 22484 --- [           main] c.e.demo.controllers.ItemController      : Activity in ItemController.
2019-12-15 08:42:08.931  INFO 22484 --- [           main] c.e.demo.controllers.ItemController      : GET request submitted to /item/name/{name}.
2019-12-15 08:42:08.931  INFO 22484 --- [           main] c.e.demo.controllers.ItemController      : GET /item/name/{name} failed. CAUSE: Item not found.
2019-12-15 08:42:08.932  INFO 22484 --- [           main] c.e.demo.controllers.ItemController      : Activity in ItemController.
2019-12-15 08:42:08.932  INFO 22484 --- [           main] c.e.demo.controllers.ItemController      : GET request submitted to /item/{id}.
2019-12-15 08:42:08.933  INFO 22484 --- [           main] c.e.demo.controllers.ItemController      : Activity in ItemController.
2019-12-15 08:42:08.934  INFO 22484 --- [           main] c.e.demo.controllers.ItemController      : GET request submitted to /item/name/{name}.
2019-12-15 08:42:08.934  INFO 22484 --- [           main] c.e.demo.controllers.ItemController      : GET /item/name/{name} succeeded. RESPONSE: 200 OK.
2019-12-15 08:42:08.934  INFO 22484 --- [           main] c.e.demo.controllers.ItemController      : Activity in ItemController.
2019-12-15 08:42:08.934  INFO 22484 --- [           main] c.e.demo.controllers.ItemController      : GET request submitted to /item/{id}.
[INFO] Tests run: 5, Failures: 0, Errors: 0, Skipped: 0, Time elapsed: 0.004 s - in com.example.demo.controllers.ItemControllerTest
[INFO] Running com.example.demo.controllers.OrderControllerTest
2019-12-15 08:42:08.964  INFO 22484 --- [           main] c.e.demo.controllers.OrderController     : Activity in OrderController.
2019-12-15 08:42:08.964  INFO 22484 --- [           main] c.e.demo.controllers.OrderController     : POST request submitted to /submit/{username}.
2019-12-15 08:42:08.965  INFO 22484 --- [           main] c.e.demo.controllers.OrderController     : POST /submit/{username} failed. CAUSE: Cart is empty.
2019-12-15 08:42:08.965  INFO 22484 --- [           main] c.e.demo.controllers.OrderController     : Activity in OrderController.
2019-12-15 08:42:08.966  INFO 22484 --- [           main] c.e.demo.controllers.OrderController     : GET request submitted to /history/{username}.
2019-12-15 08:42:08.966  INFO 22484 --- [           main] c.e.demo.controllers.OrderController     : GET /history/{username} failed. CAUSE: User not found.
2019-12-15 08:42:08.966  INFO 22484 --- [           main] c.e.demo.controllers.OrderController     : Activity in OrderController.
2019-12-15 08:42:08.967  INFO 22484 --- [           main] c.e.demo.controllers.OrderController     : POST request submitted to /submit/{username}.
2019-12-15 08:42:08.967  INFO 22484 --- [           main] c.e.demo.controllers.OrderController     : POST /submit/{username} failed. CAUSE: User not found.
2019-12-15 08:42:08.967  INFO 22484 --- [           main] c.e.demo.controllers.OrderController     : Activity in OrderController.
2019-12-15 08:42:08.967  INFO 22484 --- [           main] c.e.demo.controllers.OrderController     : GET request submitted to /history/{username}.
2019-12-15 08:42:08.967  INFO 22484 --- [           main] c.e.demo.controllers.OrderController     : GET /history/{username} failed. CAUSE: User not found.
2019-12-15 08:42:08.968  INFO 22484 --- [           main] c.e.demo.controllers.OrderController     : Activity in OrderController.
2019-12-15 08:42:08.968  INFO 22484 --- [           main] c.e.demo.controllers.OrderController     : POST request submitted to /submit/{username}.
2019-12-15 08:42:08.968  INFO 22484 --- [           main] c.e.demo.controllers.OrderController     : POST /submit/{username} succeeded. RESPONSE: 200 OK
[INFO] Tests run: 5, Failures: 0, Errors: 0, Skipped: 0, Time elapsed: 0.015 s - in com.example.demo.controllers.OrderControllerTest
[INFO] Running com.example.demo.controllers.UserControllerTest
2019-12-15 08:42:08.982  INFO 22484 --- [           main] c.e.demo.controllers.UserController      : Activity in UserController.
2019-12-15 08:42:08.982  INFO 22484 --- [           main] c.e.demo.controllers.UserController      : GET request submitted to /user/id/{id}.
2019-12-15 08:42:08.984  INFO 22484 --- [           main] c.e.demo.controllers.UserController      : Activity in UserController.
2019-12-15 08:42:08.984  INFO 22484 --- [           main] c.e.demo.controllers.UserController      : POST request submitted to /user/create.
2019-12-15 08:42:08.984  INFO 22484 --- [           main] c.e.demo.controllers.UserController      : GET /user/create succeeded. RESPONSE: 200 OK
2019-12-15 08:42:08.985  INFO 22484 --- [           main] c.e.demo.controllers.UserController      : Activity in UserController.
2019-12-15 08:42:08.985  INFO 22484 --- [           main] c.e.demo.controllers.UserController      : POST request submitted to /user/create.
2019-12-15 08:42:08.985  INFO 22484 --- [           main] c.e.demo.controllers.UserController      : POST /user/create failed. CAUSE: Password and confirm password don't match.
2019-12-15 08:42:08.985  INFO 22484 --- [           main] c.e.demo.controllers.UserController      : Activity in UserController.
2019-12-15 08:42:08.985  INFO 22484 --- [           main] c.e.demo.controllers.UserController      : POST request submitted to /user/create.
2019-12-15 08:42:08.985  INFO 22484 --- [           main] c.e.demo.controllers.UserController      : POST /user/create failed. CAUSE: Request is missing required fields.
2019-12-15 08:42:08.985  INFO 22484 --- [           main] c.e.demo.controllers.UserController      : Activity in UserController.
2019-12-15 08:42:08.986  INFO 22484 --- [           main] c.e.demo.controllers.UserController      : GET request submitted to /user/id/{id}.
2019-12-15 08:42:08.986  INFO 22484 --- [           main] c.e.demo.controllers.UserController      : Activity in UserController.
2019-12-15 08:42:08.986  INFO 22484 --- [           main] c.e.demo.controllers.UserController      : POST request submitted to /user/create.
2019-12-15 08:42:08.986  INFO 22484 --- [           main] c.e.demo.controllers.UserController      : POST /user/create failed. CAUSE: Password doesn't meet complexity requirements.
2019-12-15 08:42:08.986  INFO 22484 --- [           main] c.e.demo.controllers.UserController      : Activity in UserController.
2019-12-15 08:42:08.986  INFO 22484 --- [           main] c.e.demo.controllers.UserController      : GET request submitted to /user/{username}.
2019-12-15 08:42:08.986  INFO 22484 --- [           main] c.e.demo.controllers.UserController      : GET /user/{username} succeeded. RESPONSE: 200 OK
2019-12-15 08:42:08.987  INFO 22484 --- [           main] c.e.demo.controllers.UserController      : Activity in UserController.
2019-12-15 08:42:08.987  INFO 22484 --- [           main] c.e.demo.controllers.UserController      : GET request submitted to /user/{username}.
2019-12-15 08:42:08.987  INFO 22484 --- [           main] c.e.demo.controllers.UserController      : GET /user/{username} failed. CAUSE: User not found.
[INFO] Tests run: 8, Failures: 0, Errors: 0, Skipped: 0, Time elapsed: 0.014 s - in com.example.demo.controllers.UserControllerTest
[INFO] Running com.example.demo.LogHelperTest
[INFO] Tests run: 2, Failures: 0, Errors: 0, Skipped: 0, Time elapsed: 0 s - in com.example.demo.LogHelperTest
[INFO] Running com.example.demo.models.CartTest
[INFO] Tests run: 1, Failures: 0, Errors: 0, Skipped: 0, Time elapsed: 0.001 s - in com.example.demo.models.CartTest
[INFO] Running com.example.demo.models.ItemTest
[INFO] Tests run: 6, Failures: 0, Errors: 0, Skipped: 0, Time elapsed: 0 s - in com.example.demo.models.ItemTest
[INFO] Running com.example.demo.models.UserOrderTest
[INFO] Tests run: 4, Failures: 0, Errors: 0, Skipped: 0, Time elapsed: 0 s - in com.example.demo.models.UserOrderTest
[INFO] Running com.example.demo.SareetaApplicationTests
2019-12-15 08:42:08.993  INFO 22484 --- [           main] .b.t.c.SpringBootTestContextBootstrapper : Neither @ContextConfiguration nor @ContextHierarchy found for test class [com.example.demo.SareetaApplicationTests], using SpringBootContextLoader
2019-12-15 08:42:08.995  INFO 22484 --- [           main] o.s.t.c.support.AbstractContextLoader    : Could not detect default resource locations for test class [com.example.demo.SareetaApplicationTests]: no resource found for suffixes {-context.xml, Context.groovy}.
2019-12-15 08:42:08.995  INFO 22484 --- [           main] t.c.s.AnnotationConfigContextLoaderUtils : Could not detect default configuration classes for test class [com.example.demo.SareetaApplicationTests]: SareetaApplicationTests does not declare any static, non-private, non-final, nested classes annotated with @Configuration.
2019-12-15 08:42:09.000  INFO 22484 --- [           main] .b.t.c.SpringBootTestContextBootstrapper : Found @SpringBootConfiguration com.example.demo.SareetaApplication for test class com.example.demo.SareetaApplicationTests
2019-12-15 08:42:09.002  INFO 22484 --- [           main] .b.t.c.SpringBootTestContextBootstrapper : Loaded default TestExecutionListener class names from location [META-INF/spring.factories]: [org.springframework.boot.test.mock.mockito.MockitoTestExecutionListener, org.springframework.boot.test.mock.mockito.ResetMocksTestExecutionListener, org.springframework.boot.test.autoconfigure.restdocs.RestDocsTestExecutionListener, org.springframework.boot.test.autoconfigure.web.client.MockRestServiceServerResetTestExecutionListener, org.springframework.boot.test.autoconfigure.web.servlet.MockMvcPrintOnlyOnFailureTestExecutionListener, org.springframework.boot.test.autoconfigure.web.servlet.WebDriverTestExecutionListener, org.springframework.test.context.web.ServletTestExecutionListener, org.springframework.test.context.support.DirtiesContextBeforeModesTestExecutionListener, org.springframework.test.context.support.DependencyInjectionTestExecutionListener, org.springframework.test.context.support.DirtiesContextTestExecutionListener, org.springframework.test.context.transaction.TransactionalTestExecutionListener, org.springframework.test.context.jdbc.SqlScriptsTestExecutionListener, org.springframework.security.test.context.support.WithSecurityContextTestExecutionListener, org.springframework.security.test.context.support.ReactorContextTestExecutionListener]
2019-12-15 08:42:09.003  INFO 22484 --- [           main] .b.t.c.SpringBootTestContextBootstrapper : Using TestExecutionListeners: [org.springframework.test.context.web.ServletTestExecutionListener@31b289da, org.springframework.test.context.support.DirtiesContextBeforeModesTestExecutionListener@58486deb, org.springframework.boot.test.mock.mockito.MockitoTestExecutionListener@4e933cf1, org.springframework.boot.test.autoconfigure.SpringBootDependencyInjectionTestExecutionListener@729a9c3d, org.springframework.test.context.support.DirtiesContextTestExecutionListener@574327ed, org.springframework.test.context.transaction.TransactionalTestExecutionListener@4c7f2fdb, org.springframework.test.context.jdbc.SqlScriptsTestExecutionListener@1b5cf611, org.springframework.security.test.context.support.WithSecurityContextTestExecutionListener@3d01ea33, org.springframework.security.test.context.support.ReactorContextTestExecutionListener@73b3ce31, org.springframework.boot.test.mock.mockito.ResetMocksTestExecutionListener@4687366b, org.springframework.boot.test.autoconfigure.restdocs.RestDocsTestExecutionListener@3a17acd4, org.springframework.boot.test.autoconfigure.web.client.MockRestServiceServerResetTestExecutionListener@8f589d7, org.springframework.boot.test.autoconfigure.web.servlet.MockMvcPrintOnlyOnFailureTestExecutionListener@65da1cbe, org.springframework.boot.test.autoconfigure.web.servlet.WebDriverTestExecutionListener@1a914a00]

  .   ____          _            __ _ _
 /\\ / ___'_ __ _ _(_)_ __  __ _ \ \ \ \
( ( )\___ | '_ | '_| | '_ \/ _` | \ \ \ \
 \\/  ___)| |_)| | | | | || (_| |  ) ) ) )
  '  |____| .__|_| |_|_| |_\__, | / / / /
 =========|_|==============|___/=/_/_/_/
 :: Spring Boot ::        (v2.1.5.RELEASE)

2019-12-15 08:42:09.030  INFO 22484 --- [           main] c.example.demo.SareetaApplicationTests   : Starting SareetaApplicationTests on VENGEANCE with PID 22484 (started by VENGEANCE$ in C:\Program Files (x86)\Jenkins\workspace\udacity-ecommerce)
2019-12-15 08:42:09.031  INFO 22484 --- [           main] c.example.demo.SareetaApplicationTests   : No active profile set, falling back to default profiles: default
2019-12-15 08:42:09.258  INFO 22484 --- [           main] .s.d.r.c.RepositoryConfigurationDelegate : Bootstrapping Spring Data repositories in DEFAULT mode.
2019-12-15 08:42:09.267  INFO 22484 --- [           main] .s.d.r.c.RepositoryConfigurationDelegate : Finished Spring Data repository scanning in 9ms. Found 4 repository interfaces.
2019-12-15 08:42:09.626  INFO 22484 --- [           main] trationDelegate$BeanPostProcessorChecker : Bean 'org.springframework.transaction.annotation.ProxyTransactionManagementConfiguration' of type [org.springframework.transaction.annotation.ProxyTransactionManagementConfiguration$$EnhancerBySpringCGLIB$$1cd25998] is not eligible for getting processed by all BeanPostProcessors (for example: not eligible for auto-proxying)
2019-12-15 08:42:09.746  INFO 22484 --- [           main] com.zaxxer.hikari.HikariDataSource       : HikariPool-1 - Starting...
2019-12-15 08:42:09.766  INFO 22484 --- [           main] com.zaxxer.hikari.HikariDataSource       : HikariPool-1 - Start completed.
2019-12-15 08:42:09.790  INFO 22484 --- [           main] o.hibernate.jpa.internal.util.LogHelper  : HHH000204: Processing PersistenceUnitInfo [
	name: default
	...]
2019-12-15 08:42:09.801  INFO 22484 --- [           main] org.hibernate.dialect.Dialect            : HHH000400: Using dialect: org.hibernate.dialect.H2Dialect
2019-12-15 08:42:09.867  INFO 22484 --- [           main] j.LocalContainerEntityManagerFactoryBean : Initialized JPA EntityManagerFactory for persistence unit 'default'
2019-12-15 08:42:10.306  INFO 22484 --- [           main] o.s.s.web.DefaultSecurityFilterChain     : Creating filter chain: any request, [org.springframework.security.web.context.request.async.WebAsyncManagerIntegrationFilter@7be86438, org.springframework.security.web.context.SecurityContextPersistenceFilter@729d1428, org.springframework.security.web.header.HeaderWriterFilter@7d49fe37, org.springframework.web.filter.CorsFilter@5fe4848, org.springframework.security.web.authentication.logout.LogoutFilter@47d7e4b6, com.example.demo.security.JWTAuthenticationFilter@6a906078, com.example.demo.security.JWTAuthorizationFilter@fd5c7f6, org.springframework.security.web.savedrequest.RequestCacheAwareFilter@252d2ac0, org.springframework.security.web.servletapi.SecurityContextHolderAwareRequestFilter@702432cc, org.springframework.security.web.authentication.AnonymousAuthenticationFilter@3724ab90, org.springframework.security.web.session.SessionManagementFilter@231c521e, org.springframework.security.web.access.ExceptionTranslationFilter@414d466e, org.springframework.security.web.access.intercept.FilterSecurityInterceptor@20276412]
2019-12-15 08:42:10.746  INFO 22484 --- [           main] o.s.s.concurrent.ThreadPoolTaskExecutor  : Initializing ExecutorService 'applicationTaskExecutor'
2019-12-15 08:42:10.791  WARN 22484 --- [           main] aWebConfiguration$JpaWebMvcConfiguration : spring.jpa.open-in-view is enabled by default. Therefore, database queries may be performed during view rendering. Explicitly configure spring.jpa.open-in-view to disable this warning
2019-12-15 08:42:11.029  INFO 22484 --- [           main] c.example.demo.SareetaApplicationTests   : Started SareetaApplicationTests in 2.019 seconds (JVM running for 6.811)
[INFO] Tests run: 2, Failures: 0, Errors: 0, Skipped: 0, Time elapsed: 2.033 s - in com.example.demo.SareetaApplicationTests
2019-12-15 08:42:11.048  INFO 22484 --- [       Thread-4] o.s.s.concurrent.ThreadPoolTaskExecutor  : Shutting down ExecutorService 'applicationTaskExecutor'
2019-12-15 08:42:11.049  INFO 22484 --- [       Thread-1] j.LocalContainerEntityManagerFactoryBean : Closing JPA EntityManagerFactory for persistence unit 'default'
2019-12-15 08:42:11.050  INFO 22484 --- [       Thread-4] j.LocalContainerEntityManagerFactoryBean : Closing JPA EntityManagerFactory for persistence unit 'default'
2019-12-15 08:42:11.051  INFO 22484 --- [       Thread-4] com.zaxxer.hikari.HikariDataSource       : HikariPool-1 - Shutdown initiated...
2019-12-15 08:42:11.060  INFO 22484 --- [       Thread-4] com.zaxxer.hikari.HikariDataSource       : HikariPool-1 - Shutdown completed.
[INFO] 
[INFO] Results:
[INFO] 
[INFO] Tests run: 39, Failures: 0, Errors: 0, Skipped: 0
[INFO] 
[INFO] ------------------------------------------------------------------------
[INFO] BUILD SUCCESS
[INFO] ------------------------------------------------------------------------
[INFO] Total time:  17.383 s
[INFO] Finished at: 2019-12-15T08:42:11-06:00
[INFO] ------------------------------------------------------------------------
[udacity-ecommerce] $ cmd.exe /C '""C:\Program Files (x86)\Jenkins\tools\hudson.tasks.Maven_MavenInstallation\Maven_Auto-Install\bin\mvn.cmd"' package && exit %%ERRORLEVEL%%"
[INFO] Scanning for projects...
[INFO] 
[INFO] ----------------------< com.example:auth-course >-----------------------
[INFO] Building auth-course 0.0.1-SNAPSHOT
[INFO] --------------------------------[ jar ]---------------------------------
[INFO] 
[INFO] --- maven-resources-plugin:3.1.0:resources (default-resources) @ auth-course ---
[INFO] Using 'UTF-8' encoding to copy filtered resources.
[INFO] Copying 1 resource
[INFO] Copying 1 resource
[INFO] 
[INFO] --- maven-compiler-plugin:3.8.1:compile (default-compile) @ auth-course ---
[INFO] Nothing to compile - all classes are up to date
[INFO] 
[INFO] --- maven-resources-plugin:3.1.0:testResources (default-testResources) @ auth-course ---
[INFO] Using 'UTF-8' encoding to copy filtered resources.
[INFO] skip non existing resourceDirectory C:\Program Files (x86)\Jenkins\workspace\udacity-ecommerce\src\test\resources
[INFO] 
[INFO] --- maven-compiler-plugin:3.8.1:testCompile (default-testCompile) @ auth-course ---
[INFO] Nothing to compile - all classes are up to date
[INFO] 
[INFO] --- maven-surefire-plugin:2.22.2:test (default-test) @ auth-course ---
[INFO] 
[INFO] -------------------------------------------------------
[INFO]  T E S T S
[INFO] -------------------------------------------------------
[INFO] Running com.example.demo.controllers.CartControllerNegativeTest
SLF4J: Class path contains multiple SLF4J bindings.
SLF4J: Found binding in [jar:file:/C:/WINDOWS/system32/config/systemprofile/.m2/repository/ch/qos/logback/logback-classic/1.2.3/logback-classic-1.2.3.jar!/org/slf4j/impl/StaticLoggerBinder.class]
SLF4J: Found binding in [jar:file:/C:/WINDOWS/system32/config/systemprofile/.m2/repository/org/slf4j/slf4j-log4j12/1.7.26/slf4j-log4j12-1.7.26.jar!/org/slf4j/impl/StaticLoggerBinder.class]
SLF4J: See http://www.slf4j.org/codes.html#multiple_bindings for an explanation.
SLF4J: Actual binding is of type [ch.qos.logback.classic.util.ContextSelectorStaticBinder]
08:42:15.476 [main] DEBUG org.springframework.test.context.junit4.SpringJUnit4ClassRunner - SpringJUnit4ClassRunner constructor called with [class com.example.demo.controllers.CartControllerNegativeTest]
08:42:15.480 [main] DEBUG org.springframework.test.context.BootstrapUtils - Instantiating CacheAwareContextLoaderDelegate from class [org.springframework.test.context.cache.DefaultCacheAwareContextLoaderDelegate]
08:42:15.486 [main] DEBUG org.springframework.test.context.BootstrapUtils - Instantiating BootstrapContext using constructor [public org.springframework.test.context.support.DefaultBootstrapContext(java.lang.Class,org.springframework.test.context.CacheAwareContextLoaderDelegate)]
08:42:15.498 [main] DEBUG org.springframework.test.context.BootstrapUtils - Instantiating TestContextBootstrapper for test class [com.example.demo.controllers.CartControllerNegativeTest] from class [org.springframework.boot.test.autoconfigure.orm.jpa.DataJpaTestContextBootstrapper]
08:42:15.511 [main] INFO org.springframework.boot.test.autoconfigure.orm.jpa.DataJpaTestContextBootstrapper - Neither @ContextConfiguration nor @ContextHierarchy found for test class [com.example.demo.controllers.CartControllerNegativeTest], using SpringBootContextLoader
08:42:15.514 [main] DEBUG org.springframework.test.context.support.AbstractContextLoader - Did not detect default resource location for test class [com.example.demo.controllers.CartControllerNegativeTest]: class path resource [com/example/demo/controllers/CartControllerNegativeTest-context.xml] does not exist
08:42:15.515 [main] DEBUG org.springframework.test.context.support.AbstractContextLoader - Did not detect default resource location for test class [com.example.demo.controllers.CartControllerNegativeTest]: class path resource [com/example/demo/controllers/CartControllerNegativeTestContext.groovy] does not exist
08:42:15.515 [main] INFO org.springframework.test.context.support.AbstractContextLoader - Could not detect default resource locations for test class [com.example.demo.controllers.CartControllerNegativeTest]: no resource found for suffixes {-context.xml, Context.groovy}.
08:42:15.516 [main] INFO org.springframework.test.context.support.AnnotationConfigContextLoaderUtils - Could not detect default configuration classes for test class [com.example.demo.controllers.CartControllerNegativeTest]: CartControllerNegativeTest does not declare any static, non-private, non-final, nested classes annotated with @Configuration.
08:42:15.566 [main] DEBUG org.springframework.test.context.support.ActiveProfilesUtils - Could not find an 'annotation declaring class' for annotation type [org.springframework.test.context.ActiveProfiles] and class [com.example.demo.controllers.CartControllerNegativeTest]
08:42:15.633 [main] DEBUG org.springframework.context.annotation.ClassPathScanningCandidateComponentProvider - Identified candidate component class: file [C:\Program Files (x86)\Jenkins\workspace\udacity-ecommerce\target\classes\com\example\demo\SareetaApplication.class]
08:42:15.634 [main] INFO org.springframework.boot.test.context.SpringBootTestContextBootstrapper - Found @SpringBootConfiguration com.example.demo.SareetaApplication for test class com.example.demo.controllers.CartControllerNegativeTest
08:42:15.636 [main] DEBUG org.springframework.boot.test.autoconfigure.orm.jpa.DataJpaTestContextBootstrapper - @TestExecutionListeners is not present for class [com.example.demo.controllers.CartControllerNegativeTest]: using defaults.
08:42:15.637 [main] INFO org.springframework.boot.test.autoconfigure.orm.jpa.DataJpaTestContextBootstrapper - Loaded default TestExecutionListener class names from location [META-INF/spring.factories]: [org.springframework.boot.test.mock.mockito.MockitoTestExecutionListener, org.springframework.boot.test.mock.mockito.ResetMocksTestExecutionListener, org.springframework.boot.test.autoconfigure.restdocs.RestDocsTestExecutionListener, org.springframework.boot.test.autoconfigure.web.client.MockRestServiceServerResetTestExecutionListener, org.springframework.boot.test.autoconfigure.web.servlet.MockMvcPrintOnlyOnFailureTestExecutionListener, org.springframework.boot.test.autoconfigure.web.servlet.WebDriverTestExecutionListener, org.springframework.test.context.web.ServletTestExecutionListener, org.springframework.test.context.support.DirtiesContextBeforeModesTestExecutionListener, org.springframework.test.context.support.DependencyInjectionTestExecutionListener, org.springframework.test.context.support.DirtiesContextTestExecutionListener, org.springframework.test.context.transaction.TransactionalTestExecutionListener, org.springframework.test.context.jdbc.SqlScriptsTestExecutionListener, org.springframework.security.test.context.support.WithSecurityContextTestExecutionListener, org.springframework.security.test.context.support.ReactorContextTestExecutionListener]
08:42:15.655 [main] INFO org.springframework.boot.test.autoconfigure.orm.jpa.DataJpaTestContextBootstrapper - Using TestExecutionListeners: [org.springframework.test.context.web.ServletTestExecutionListener@6babf3bf, org.springframework.test.context.support.DirtiesContextBeforeModesTestExecutionListener@3059cbc, org.springframework.boot.test.mock.mockito.MockitoTestExecutionListener@7ea9e1e2, org.springframework.boot.test.autoconfigure.SpringBootDependencyInjectionTestExecutionListener@24fcf36f, org.springframework.test.context.support.DirtiesContextTestExecutionListener@10feca44, org.springframework.test.context.transaction.TransactionalTestExecutionListener@3fb1549b, org.springframework.test.context.jdbc.SqlScriptsTestExecutionListener@ea6147e, org.springframework.security.test.context.support.WithSecurityContextTestExecutionListener@4d02f94e, org.springframework.security.test.context.support.ReactorContextTestExecutionListener@2b48a640, org.springframework.boot.test.mock.mockito.ResetMocksTestExecutionListener@1e683a3e, org.springframework.boot.test.autoconfigure.restdocs.RestDocsTestExecutionListener@2053d869, org.springframework.boot.test.autoconfigure.web.client.MockRestServiceServerResetTestExecutionListener@7a419da4, org.springframework.boot.test.autoconfigure.web.servlet.MockMvcPrintOnlyOnFailureTestExecutionListener@14555e0a, org.springframework.boot.test.autoconfigure.web.servlet.WebDriverTestExecutionListener@4bb33f74]
08:42:15.656 [main] DEBUG org.springframework.test.annotation.ProfileValueUtils - Retrieved @ProfileValueSourceConfiguration [null] for test class [com.example.demo.controllers.CartControllerNegativeTest]
08:42:15.656 [main] DEBUG org.springframework.test.annotation.ProfileValueUtils - Retrieved ProfileValueSource type [class org.springframework.test.annotation.SystemProfileValueSource] for class [com.example.demo.controllers.CartControllerNegativeTest]
08:42:15.658 [main] DEBUG org.springframework.test.annotation.ProfileValueUtils - Retrieved @ProfileValueSourceConfiguration [null] for test class [com.example.demo.controllers.CartControllerNegativeTest]
08:42:15.658 [main] DEBUG org.springframework.test.annotation.ProfileValueUtils - Retrieved ProfileValueSource type [class org.springframework.test.annotation.SystemProfileValueSource] for class [com.example.demo.controllers.CartControllerNegativeTest]
08:42:15.658 [main] DEBUG org.springframework.test.annotation.ProfileValueUtils - Retrieved @ProfileValueSourceConfiguration [null] for test class [com.example.demo.controllers.CartControllerNegativeTest]
08:42:15.658 [main] DEBUG org.springframework.test.annotation.ProfileValueUtils - Retrieved ProfileValueSource type [class org.springframework.test.annotation.SystemProfileValueSource] for class [com.example.demo.controllers.CartControllerNegativeTest]
08:42:15.662 [main] DEBUG org.springframework.test.context.support.AbstractDirtiesContextTestExecutionListener - Before test class: context [DefaultTestContext@7fee8714 testClass = CartControllerNegativeTest, testInstance = [null], testMethod = [null], testException = [null], mergedContextConfiguration = [MergedContextConfiguration@4229bb3f testClass = CartControllerNegativeTest, locations = '{}', classes = '{class com.example.demo.SareetaApplication}', contextInitializerClasses = '[]', activeProfiles = '{}', propertySourceLocations = '{}', propertySourceProperties = '{org.springframework.boot.test.autoconfigure.orm.jpa.DataJpaTestContextBootstrapper=true}', contextCustomizers = set[[ImportsContextCustomizer@56cdfb3b key = [org.springframework.boot.autoconfigure.cache.CacheAutoConfiguration, org.springframework.boot.autoconfigure.data.jpa.JpaRepositoriesAutoConfiguration, org.springframework.boot.autoconfigure.flyway.FlywayAutoConfiguration, org.springframework.boot.autoconfigure.jdbc.DataSourceAutoConfiguration, org.springframework.boot.autoconfigure.jdbc.DataSourceTransactionManagerAutoConfiguration, org.springframework.boot.autoconfigure.jdbc.JdbcTemplateAutoConfiguration, org.springframework.boot.autoconfigure.liquibase.LiquibaseAutoConfiguration, org.springframework.boot.autoconfigure.orm.jpa.HibernateJpaAutoConfiguration, org.springframework.boot.autoconfigure.transaction.TransactionAutoConfiguration, org.springframework.boot.test.autoconfigure.jdbc.TestDatabaseAutoConfiguration, org.springframework.boot.test.autoconfigure.orm.jpa.TestEntityManagerAutoConfiguration]], org.springframework.boot.test.context.filter.ExcludeFilterContextCustomizer@1fa268de, org.springframework.boot.test.json.DuplicateJsonObjectContextCustomizerFactory$DuplicateJsonObjectContextCustomizer@a514af7, org.springframework.boot.test.mock.mockito.MockitoContextCustomizer@0, org.springframework.boot.test.autoconfigure.OverrideAutoConfigurationContextCustomizerFactory$DisableAutoConfigurationContextCustomizer@5c5eefef, org.springframework.boot.test.autoconfigure.filter.TypeExcludeFiltersContextCustomizer@351584c0, org.springframework.boot.test.autoconfigure.properties.PropertyMappingContextCustomizer@fac44c8a, org.springframework.boot.test.autoconfigure.web.servlet.WebDriverContextCustomizerFactory$Customizer@35e2d654], contextLoader = 'org.springframework.boot.test.context.SpringBootContextLoader', parent = [null]], attributes = map[[empty]]], class annotated with @DirtiesContext [false] with mode [null].
08:42:15.663 [main] DEBUG org.springframework.test.annotation.ProfileValueUtils - Retrieved @ProfileValueSourceConfiguration [null] for test class [com.example.demo.controllers.CartControllerNegativeTest]
08:42:15.663 [main] DEBUG org.springframework.test.annotation.ProfileValueUtils - Retrieved ProfileValueSource type [class org.springframework.test.annotation.SystemProfileValueSource] for class [com.example.demo.controllers.CartControllerNegativeTest]
08:42:16.041 [main] DEBUG org.springframework.test.context.support.DependencyInjectionTestExecutionListener - Performing dependency injection for test context [[DefaultTestContext@7fee8714 testClass = CartControllerNegativeTest, testInstance = com.example.demo.controllers.CartControllerNegativeTest@2e8ab815, testMethod = [null], testException = [null], mergedContextConfiguration = [MergedContextConfiguration@4229bb3f testClass = CartControllerNegativeTest, locations = '{}', classes = '{class com.example.demo.SareetaApplication}', contextInitializerClasses = '[]', activeProfiles = '{}', propertySourceLocations = '{}', propertySourceProperties = '{org.springframework.boot.test.autoconfigure.orm.jpa.DataJpaTestContextBootstrapper=true}', contextCustomizers = set[[ImportsContextCustomizer@56cdfb3b key = [org.springframework.boot.autoconfigure.cache.CacheAutoConfiguration, org.springframework.boot.autoconfigure.data.jpa.JpaRepositoriesAutoConfiguration, org.springframework.boot.autoconfigure.flyway.FlywayAutoConfiguration, org.springframework.boot.autoconfigure.jdbc.DataSourceAutoConfiguration, org.springframework.boot.autoconfigure.jdbc.DataSourceTransactionManagerAutoConfiguration, org.springframework.boot.autoconfigure.jdbc.JdbcTemplateAutoConfiguration, org.springframework.boot.autoconfigure.liquibase.LiquibaseAutoConfiguration, org.springframework.boot.autoconfigure.orm.jpa.HibernateJpaAutoConfiguration, org.springframework.boot.autoconfigure.transaction.TransactionAutoConfiguration, org.springframework.boot.test.autoconfigure.jdbc.TestDatabaseAutoConfiguration, org.springframework.boot.test.autoconfigure.orm.jpa.TestEntityManagerAutoConfiguration]], org.springframework.boot.test.context.filter.ExcludeFilterContextCustomizer@1fa268de, org.springframework.boot.test.json.DuplicateJsonObjectContextCustomizerFactory$DuplicateJsonObjectContextCustomizer@a514af7, org.springframework.boot.test.mock.mockito.MockitoContextCustomizer@0, org.springframework.boot.test.autoconfigure.OverrideAutoConfigurationContextCustomizerFactory$DisableAutoConfigurationContextCustomizer@5c5eefef, org.springframework.boot.test.autoconfigure.filter.TypeExcludeFiltersContextCustomizer@351584c0, org.springframework.boot.test.autoconfigure.properties.PropertyMappingContextCustomizer@fac44c8a, org.springframework.boot.test.autoconfigure.web.servlet.WebDriverContextCustomizerFactory$Customizer@35e2d654], contextLoader = 'org.springframework.boot.test.context.SpringBootContextLoader', parent = [null]], attributes = map[[empty]]]].
08:42:16.135 [main] DEBUG org.springframework.test.context.support.TestPropertySourceUtils - Adding inlined properties to environment: {spring.jmx.enabled=false, org.springframework.boot.test.autoconfigure.orm.jpa.DataJpaTestContextBootstrapper=true, server.port=-1}

  .   ____          _            __ _ _
 /\\ / ___'_ __ _ _(_)_ __  __ _ \ \ \ \
( ( )\___ | '_ | '_| | '_ \/ _` | \ \ \ \
 \\/  ___)| |_)| | | | | || (_| |  ) ) ) )
  '  |____| .__|_| |_|_| |_\__, | / / / /
 =========|_|==============|___/=/_/_/_/
 :: Spring Boot ::        (v2.1.5.RELEASE)

2019-12-15 08:42:16.347  INFO 21988 --- [           main] c.e.d.c.CartControllerNegativeTest       : Starting CartControllerNegativeTest on VENGEANCE with PID 21988 (started by VENGEANCE$ in C:\Program Files (x86)\Jenkins\workspace\udacity-ecommerce)
2019-12-15 08:42:16.350  INFO 21988 --- [           main] c.e.d.c.CartControllerNegativeTest       : No active profile set, falling back to default profiles: default
2019-12-15 08:42:16.634  INFO 21988 --- [           main] .s.d.r.c.RepositoryConfigurationDelegate : Bootstrapping Spring Data repositories in DEFAULT mode.
2019-12-15 08:42:16.696  INFO 21988 --- [           main] .s.d.r.c.RepositoryConfigurationDelegate : Finished Spring Data repository scanning in 53ms. Found 4 repository interfaces.
2019-12-15 08:42:16.782  INFO 21988 --- [           main] beddedDataSourceBeanFactoryPostProcessor : Replacing 'dataSource' DataSource bean with embedded version
2019-12-15 08:42:17.292  INFO 21988 --- [           main] o.s.j.d.e.EmbeddedDatabaseFactory        : Starting embedded database: url='jdbc:h2:mem:d35af3fc-b122-493f-8e1b-e943997794ab;DB_CLOSE_DELAY=-1;DB_CLOSE_ON_EXIT=false', username='sa'
2019-12-15 08:42:17.702  INFO 21988 --- [           main] o.hibernate.jpa.internal.util.LogHelper  : HHH000204: Processing PersistenceUnitInfo [
	name: default
	...]
2019-12-15 08:42:17.755  INFO 21988 --- [           main] org.hibernate.Version                    : HHH000412: Hibernate Core {5.3.10.Final}
2019-12-15 08:42:17.756  INFO 21988 --- [           main] org.hibernate.cfg.Environment            : HHH000206: hibernate.properties not found
2019-12-15 08:42:17.803  INFO 21988 --- [           main] o.hibernate.annotations.common.Version   : HCANN000001: Hibernate Commons Annotations {5.0.4.Final}
2019-12-15 08:42:17.914  INFO 21988 --- [           main] org.hibernate.dialect.Dialect            : HHH000400: Using dialect: org.hibernate.dialect.H2Dialect
Hibernate: create table cart (id bigint generated by default as identity, total decimal(19,2), primary key (id))
Hibernate: create table cart_items (cart_id bigint not null, items_id bigint not null)
Hibernate: create table item (id bigint generated by default as identity, description varchar(255) not null, name varchar(255) not null, price decimal(19,2) not null, primary key (id))
Hibernate: create table user (id bigint generated by default as identity, password varchar(255) not null, username varchar(255) not null, cart_id bigint, primary key (id))
Hibernate: create table user_order (id bigint generated by default as identity, total decimal(19,2), user_id bigint not null, primary key (id))
Hibernate: create table user_order_items (user_order_id bigint not null, items_id bigint not null)
Hibernate: alter table user drop constraint if exists UK_sb8bbouer5wak8vyiiy4pf2bx
Hibernate: alter table user add constraint UK_sb8bbouer5wak8vyiiy4pf2bx unique (username)
Hibernate: alter table cart_items add constraint FKbgmrxyvqs3kxt1im75fde3psy foreign key (items_id) references item
Hibernate: alter table cart_items add constraint FK99e0am9jpriwxcm6is7xfedy3 foreign key (cart_id) references cart
Hibernate: alter table user add constraint FKtqa69bib34k2c0jhe7afqsao6 foreign key (cart_id) references cart
Hibernate: alter table user_order add constraint FKj86u1x7csa8yd68ql2y1ibrou foreign key (user_id) references user
Hibernate: alter table user_order_items add constraint FKghpu6f1jrpho0deyeltq47u2u foreign key (items_id) references item
Hibernate: alter table user_order_items add constraint FKt6k533isn84ef898d6sln1xna foreign key (user_order_id) references user_order
2019-12-15 08:42:18.415  INFO 21988 --- [           main] j.LocalContainerEntityManagerFactoryBean : Initialized JPA EntityManagerFactory for persistence unit 'default'
2019-12-15 08:42:18.793  INFO 21988 --- [           main] c.e.d.c.CartControllerNegativeTest       : Started CartControllerNegativeTest in 2.657 seconds (JVM running for 3.887)
2019-12-15 08:42:18.806  INFO 21988 --- [           main] o.s.t.c.transaction.TransactionContext   : Began transaction (1) for test context [DefaultTestContext@7fee8714 testClass = CartControllerNegativeTest, testInstance = com.example.demo.controllers.CartControllerNegativeTest@2e8ab815, testMethod = remove_from_cart_item_not_found@CartControllerNegativeTest, testException = [null], mergedContextConfiguration = [MergedContextConfiguration@4229bb3f testClass = CartControllerNegativeTest, locations = '{}', classes = '{class com.example.demo.SareetaApplication}', contextInitializerClasses = '[]', activeProfiles = '{}', propertySourceLocations = '{}', propertySourceProperties = '{org.springframework.boot.test.autoconfigure.orm.jpa.DataJpaTestContextBootstrapper=true}', contextCustomizers = set[[ImportsContextCustomizer@56cdfb3b key = [org.springframework.boot.autoconfigure.cache.CacheAutoConfiguration, org.springframework.boot.autoconfigure.data.jpa.JpaRepositoriesAutoConfiguration, org.springframework.boot.autoconfigure.flyway.FlywayAutoConfiguration, org.springframework.boot.autoconfigure.jdbc.DataSourceAutoConfiguration, org.springframework.boot.autoconfigure.jdbc.DataSourceTransactionManagerAutoConfiguration, org.springframework.boot.autoconfigure.jdbc.JdbcTemplateAutoConfiguration, org.springframework.boot.autoconfigure.liquibase.LiquibaseAutoConfiguration, org.springframework.boot.autoconfigure.orm.jpa.HibernateJpaAutoConfiguration, org.springframework.boot.autoconfigure.transaction.TransactionAutoConfiguration, org.springframework.boot.test.autoconfigure.jdbc.TestDatabaseAutoConfiguration, org.springframework.boot.test.autoconfigure.orm.jpa.TestEntityManagerAutoConfiguration]], org.springframework.boot.test.context.filter.ExcludeFilterContextCustomizer@1fa268de, org.springframework.boot.test.json.DuplicateJsonObjectContextCustomizerFactory$DuplicateJsonObjectContextCustomizer@a514af7, org.springframework.boot.test.mock.mockito.MockitoContextCustomizer@0, org.springframework.boot.test.autoconfigure.OverrideAutoConfigurationContextCustomizerFactory$DisableAutoConfigurationContextCustomizer@5c5eefef, org.springframework.boot.test.autoconfigure.filter.TypeExcludeFiltersContextCustomizer@351584c0, org.springframework.boot.test.autoconfigure.properties.PropertyMappingContextCustomizer@fac44c8a, org.springframework.boot.test.autoconfigure.web.servlet.WebDriverContextCustomizerFactory$Customizer@35e2d654], contextLoader = 'org.springframework.boot.test.context.SpringBootContextLoader', parent = [null]], attributes = map[[empty]]]; transaction manager [org.springframework.orm.jpa.JpaTransactionManager@6a0e97fc]; rollback [true]
Hibernate: insert into user (id, cart_id, password, username) values (null, ?, ?, ?)
Hibernate: select item0_.id as id1_2_0_, item0_.description as descript2_2_0_, item0_.name as name3_2_0_, item0_.price as price4_2_0_ from item item0_ where item0_.id=?
Hibernate: insert into item (id, description, name, price) values (null, ?, ?, ?)
2019-12-15 08:42:18.841  INFO 21988 --- [           main] c.e.demo.controllers.CartController      : Activity in CartController.
2019-12-15 08:42:18.842  INFO 21988 --- [           main] c.e.demo.controllers.CartController      : POST request submitted to /removeFromCart
2019-12-15 08:42:18.854  INFO 21988 --- [           main] o.h.h.i.QueryTranslatorFactoryInitiator  : HHH000397: Using ASTQueryTranslatorFactory
Hibernate: select applicatio0_.id as id1_3_, applicatio0_.cart_id as cart_id4_3_, applicatio0_.password as password2_3_, applicatio0_.username as username3_3_ from user applicatio0_ where applicatio0_.username=?
Hibernate: select item0_.id as id1_2_0_, item0_.description as descript2_2_0_, item0_.name as name3_2_0_, item0_.price as price4_2_0_ from item item0_ where item0_.id=?
2019-12-15 08:42:18.935  INFO 21988 --- [           main] c.e.demo.controllers.CartController      : POST /removeFromCart failed. CAUSE: Item not found.
2019-12-15 08:42:18.944  INFO 21988 --- [           main] o.s.t.c.transaction.TransactionContext   : Rolled back transaction for test: [DefaultTestContext@7fee8714 testClass = CartControllerNegativeTest, testInstance = com.example.demo.controllers.CartControllerNegativeTest@2e8ab815, testMethod = remove_from_cart_item_not_found@CartControllerNegativeTest, testException = [null], mergedContextConfiguration = [MergedContextConfiguration@4229bb3f testClass = CartControllerNegativeTest, locations = '{}', classes = '{class com.example.demo.SareetaApplication}', contextInitializerClasses = '[]', activeProfiles = '{}', propertySourceLocations = '{}', propertySourceProperties = '{org.springframework.boot.test.autoconfigure.orm.jpa.DataJpaTestContextBootstrapper=true}', contextCustomizers = set[[ImportsContextCustomizer@56cdfb3b key = [org.springframework.boot.autoconfigure.cache.CacheAutoConfiguration, org.springframework.boot.autoconfigure.data.jpa.JpaRepositoriesAutoConfiguration, org.springframework.boot.autoconfigure.flyway.FlywayAutoConfiguration, org.springframework.boot.autoconfigure.jdbc.DataSourceAutoConfiguration, org.springframework.boot.autoconfigure.jdbc.DataSourceTransactionManagerAutoConfiguration, org.springframework.boot.autoconfigure.jdbc.JdbcTemplateAutoConfiguration, org.springframework.boot.autoconfigure.liquibase.LiquibaseAutoConfiguration, org.springframework.boot.autoconfigure.orm.jpa.HibernateJpaAutoConfiguration, org.springframework.boot.autoconfigure.transaction.TransactionAutoConfiguration, org.springframework.boot.test.autoconfigure.jdbc.TestDatabaseAutoConfiguration, org.springframework.boot.test.autoconfigure.orm.jpa.TestEntityManagerAutoConfiguration]], org.springframework.boot.test.context.filter.ExcludeFilterContextCustomizer@1fa268de, org.springframework.boot.test.json.DuplicateJsonObjectContextCustomizerFactory$DuplicateJsonObjectContextCustomizer@a514af7, org.springframework.boot.test.mock.mockito.MockitoContextCustomizer@0, org.springframework.boot.test.autoconfigure.OverrideAutoConfigurationContextCustomizerFactory$DisableAutoConfigurationContextCustomizer@5c5eefef, org.springframework.boot.test.autoconfigure.filter.TypeExcludeFiltersContextCustomizer@351584c0, org.springframework.boot.test.autoconfigure.properties.PropertyMappingContextCustomizer@fac44c8a, org.springframework.boot.test.autoconfigure.web.servlet.WebDriverContextCustomizerFactory$Customizer@35e2d654], contextLoader = 'org.springframework.boot.test.context.SpringBootContextLoader', parent = [null]], attributes = map[[empty]]]
2019-12-15 08:42:18.947  INFO 21988 --- [           main] o.s.t.c.transaction.TransactionContext   : Began transaction (1) for test context [DefaultTestContext@7fee8714 testClass = CartControllerNegativeTest, testInstance = com.example.demo.controllers.CartControllerNegativeTest@2de7fe0e, testMethod = remove_from_cart_no_user@CartControllerNegativeTest, testException = [null], mergedContextConfiguration = [MergedContextConfiguration@4229bb3f testClass = CartControllerNegativeTest, locations = '{}', classes = '{class com.example.demo.SareetaApplication}', contextInitializerClasses = '[]', activeProfiles = '{}', propertySourceLocations = '{}', propertySourceProperties = '{org.springframework.boot.test.autoconfigure.orm.jpa.DataJpaTestContextBootstrapper=true}', contextCustomizers = set[[ImportsContextCustomizer@56cdfb3b key = [org.springframework.boot.autoconfigure.cache.CacheAutoConfiguration, org.springframework.boot.autoconfigure.data.jpa.JpaRepositoriesAutoConfiguration, org.springframework.boot.autoconfigure.flyway.FlywayAutoConfiguration, org.springframework.boot.autoconfigure.jdbc.DataSourceAutoConfiguration, org.springframework.boot.autoconfigure.jdbc.DataSourceTransactionManagerAutoConfiguration, org.springframework.boot.autoconfigure.jdbc.JdbcTemplateAutoConfiguration, org.springframework.boot.autoconfigure.liquibase.LiquibaseAutoConfiguration, org.springframework.boot.autoconfigure.orm.jpa.HibernateJpaAutoConfiguration, org.springframework.boot.autoconfigure.transaction.TransactionAutoConfiguration, org.springframework.boot.test.autoconfigure.jdbc.TestDatabaseAutoConfiguration, org.springframework.boot.test.autoconfigure.orm.jpa.TestEntityManagerAutoConfiguration]], org.springframework.boot.test.context.filter.ExcludeFilterContextCustomizer@1fa268de, org.springframework.boot.test.json.DuplicateJsonObjectContextCustomizerFactory$DuplicateJsonObjectContextCustomizer@a514af7, org.springframework.boot.test.mock.mockito.MockitoContextCustomizer@0, org.springframework.boot.test.autoconfigure.OverrideAutoConfigurationContextCustomizerFactory$DisableAutoConfigurationContextCustomizer@5c5eefef, org.springframework.boot.test.autoconfigure.filter.TypeExcludeFiltersContextCustomizer@351584c0, org.springframework.boot.test.autoconfigure.properties.PropertyMappingContextCustomizer@fac44c8a, org.springframework.boot.test.autoconfigure.web.servlet.WebDriverContextCustomizerFactory$Customizer@35e2d654], contextLoader = 'org.springframework.boot.test.context.SpringBootContextLoader', parent = [null]], attributes = map[[empty]]]; transaction manager [org.springframework.orm.jpa.JpaTransactionManager@6a0e97fc]; rollback [true]
Hibernate: insert into user (id, cart_id, password, username) values (null, ?, ?, ?)
Hibernate: select item0_.id as id1_2_0_, item0_.description as descript2_2_0_, item0_.name as name3_2_0_, item0_.price as price4_2_0_ from item item0_ where item0_.id=?
Hibernate: insert into item (id, description, name, price) values (null, ?, ?, ?)
2019-12-15 08:42:18.951  INFO 21988 --- [           main] c.e.demo.controllers.CartController      : Activity in CartController.
2019-12-15 08:42:18.951  INFO 21988 --- [           main] c.e.demo.controllers.CartController      : POST request submitted to /removeFromCart
Hibernate: select applicatio0_.id as id1_3_, applicatio0_.cart_id as cart_id4_3_, applicatio0_.password as password2_3_, applicatio0_.username as username3_3_ from user applicatio0_ where applicatio0_.username is null
2019-12-15 08:42:18.956  INFO 21988 --- [           main] c.e.demo.controllers.CartController      : POST /removeFromCart failed. CAUSE: User not found.
2019-12-15 08:42:18.958  INFO 21988 --- [           main] o.s.t.c.transaction.TransactionContext   : Rolled back transaction for test: [DefaultTestContext@7fee8714 testClass = CartControllerNegativeTest, testInstance = com.example.demo.controllers.CartControllerNegativeTest@2de7fe0e, testMethod = remove_from_cart_no_user@CartControllerNegativeTest, testException = [null], mergedContextConfiguration = [MergedContextConfiguration@4229bb3f testClass = CartControllerNegativeTest, locations = '{}', classes = '{class com.example.demo.SareetaApplication}', contextInitializerClasses = '[]', activeProfiles = '{}', propertySourceLocations = '{}', propertySourceProperties = '{org.springframework.boot.test.autoconfigure.orm.jpa.DataJpaTestContextBootstrapper=true}', contextCustomizers = set[[ImportsContextCustomizer@56cdfb3b key = [org.springframework.boot.autoconfigure.cache.CacheAutoConfiguration, org.springframework.boot.autoconfigure.data.jpa.JpaRepositoriesAutoConfiguration, org.springframework.boot.autoconfigure.flyway.FlywayAutoConfiguration, org.springframework.boot.autoconfigure.jdbc.DataSourceAutoConfiguration, org.springframework.boot.autoconfigure.jdbc.DataSourceTransactionManagerAutoConfiguration, org.springframework.boot.autoconfigure.jdbc.JdbcTemplateAutoConfiguration, org.springframework.boot.autoconfigure.liquibase.LiquibaseAutoConfiguration, org.springframework.boot.autoconfigure.orm.jpa.HibernateJpaAutoConfiguration, org.springframework.boot.autoconfigure.transaction.TransactionAutoConfiguration, org.springframework.boot.test.autoconfigure.jdbc.TestDatabaseAutoConfiguration, org.springframework.boot.test.autoconfigure.orm.jpa.TestEntityManagerAutoConfiguration]], org.springframework.boot.test.context.filter.ExcludeFilterContextCustomizer@1fa268de, org.springframework.boot.test.json.DuplicateJsonObjectContextCustomizerFactory$DuplicateJsonObjectContextCustomizer@a514af7, org.springframework.boot.test.mock.mockito.MockitoContextCustomizer@0, org.springframework.boot.test.autoconfigure.OverrideAutoConfigurationContextCustomizerFactory$DisableAutoConfigurationContextCustomizer@5c5eefef, org.springframework.boot.test.autoconfigure.filter.TypeExcludeFiltersContextCustomizer@351584c0, org.springframework.boot.test.autoconfigure.properties.PropertyMappingContextCustomizer@fac44c8a, org.springframework.boot.test.autoconfigure.web.servlet.WebDriverContextCustomizerFactory$Customizer@35e2d654], contextLoader = 'org.springframework.boot.test.context.SpringBootContextLoader', parent = [null]], attributes = map[[empty]]]
2019-12-15 08:42:18.960  INFO 21988 --- [           main] o.s.t.c.transaction.TransactionContext   : Began transaction (1) for test context [DefaultTestContext@7fee8714 testClass = CartControllerNegativeTest, testInstance = com.example.demo.controllers.CartControllerNegativeTest@391e85df, testMethod = add_to_cart_item_not_found@CartControllerNegativeTest, testException = [null], mergedContextConfiguration = [MergedContextConfiguration@4229bb3f testClass = CartControllerNegativeTest, locations = '{}', classes = '{class com.example.demo.SareetaApplication}', contextInitializerClasses = '[]', activeProfiles = '{}', propertySourceLocations = '{}', propertySourceProperties = '{org.springframework.boot.test.autoconfigure.orm.jpa.DataJpaTestContextBootstrapper=true}', contextCustomizers = set[[ImportsContextCustomizer@56cdfb3b key = [org.springframework.boot.autoconfigure.cache.CacheAutoConfiguration, org.springframework.boot.autoconfigure.data.jpa.JpaRepositoriesAutoConfiguration, org.springframework.boot.autoconfigure.flyway.FlywayAutoConfiguration, org.springframework.boot.autoconfigure.jdbc.DataSourceAutoConfiguration, org.springframework.boot.autoconfigure.jdbc.DataSourceTransactionManagerAutoConfiguration, org.springframework.boot.autoconfigure.jdbc.JdbcTemplateAutoConfiguration, org.springframework.boot.autoconfigure.liquibase.LiquibaseAutoConfiguration, org.springframework.boot.autoconfigure.orm.jpa.HibernateJpaAutoConfiguration, org.springframework.boot.autoconfigure.transaction.TransactionAutoConfiguration, org.springframework.boot.test.autoconfigure.jdbc.TestDatabaseAutoConfiguration, org.springframework.boot.test.autoconfigure.orm.jpa.TestEntityManagerAutoConfiguration]], org.springframework.boot.test.context.filter.ExcludeFilterContextCustomizer@1fa268de, org.springframework.boot.test.json.DuplicateJsonObjectContextCustomizerFactory$DuplicateJsonObjectContextCustomizer@a514af7, org.springframework.boot.test.mock.mockito.MockitoContextCustomizer@0, org.springframework.boot.test.autoconfigure.OverrideAutoConfigurationContextCustomizerFactory$DisableAutoConfigurationContextCustomizer@5c5eefef, org.springframework.boot.test.autoconfigure.filter.TypeExcludeFiltersContextCustomizer@351584c0, org.springframework.boot.test.autoconfigure.properties.PropertyMappingContextCustomizer@fac44c8a, org.springframework.boot.test.autoconfigure.web.servlet.WebDriverContextCustomizerFactory$Customizer@35e2d654], contextLoader = 'org.springframework.boot.test.context.SpringBootContextLoader', parent = [null]], attributes = map[[empty]]]; transaction manager [org.springframework.orm.jpa.JpaTransactionManager@6a0e97fc]; rollback [true]
Hibernate: insert into user (id, cart_id, password, username) values (null, ?, ?, ?)
Hibernate: select item0_.id as id1_2_0_, item0_.description as descript2_2_0_, item0_.name as name3_2_0_, item0_.price as price4_2_0_ from item item0_ where item0_.id=?
Hibernate: insert into item (id, description, name, price) values (null, ?, ?, ?)
2019-12-15 08:42:18.965  INFO 21988 --- [           main] c.e.demo.controllers.CartController      : Activity in CartController.
2019-12-15 08:42:18.965  INFO 21988 --- [           main] c.e.demo.controllers.CartController      : POST request submitted to /addToCart
Hibernate: select applicatio0_.id as id1_3_, applicatio0_.cart_id as cart_id4_3_, applicatio0_.password as password2_3_, applicatio0_.username as username3_3_ from user applicatio0_ where applicatio0_.username=?
Hibernate: select item0_.id as id1_2_0_, item0_.description as descript2_2_0_, item0_.name as name3_2_0_, item0_.price as price4_2_0_ from item item0_ where item0_.id=?
2019-12-15 08:42:18.966  INFO 21988 --- [           main] c.e.demo.controllers.CartController      : POST /addToCart failed. CAUSE: Item not found.
2019-12-15 08:42:18.968  INFO 21988 --- [           main] o.s.t.c.transaction.TransactionContext   : Rolled back transaction for test: [DefaultTestContext@7fee8714 testClass = CartControllerNegativeTest, testInstance = com.example.demo.controllers.CartControllerNegativeTest@391e85df, testMethod = add_to_cart_item_not_found@CartControllerNegativeTest, testException = [null], mergedContextConfiguration = [MergedContextConfiguration@4229bb3f testClass = CartControllerNegativeTest, locations = '{}', classes = '{class com.example.demo.SareetaApplication}', contextInitializerClasses = '[]', activeProfiles = '{}', propertySourceLocations = '{}', propertySourceProperties = '{org.springframework.boot.test.autoconfigure.orm.jpa.DataJpaTestContextBootstrapper=true}', contextCustomizers = set[[ImportsContextCustomizer@56cdfb3b key = [org.springframework.boot.autoconfigure.cache.CacheAutoConfiguration, org.springframework.boot.autoconfigure.data.jpa.JpaRepositoriesAutoConfiguration, org.springframework.boot.autoconfigure.flyway.FlywayAutoConfiguration, org.springframework.boot.autoconfigure.jdbc.DataSourceAutoConfiguration, org.springframework.boot.autoconfigure.jdbc.DataSourceTransactionManagerAutoConfiguration, org.springframework.boot.autoconfigure.jdbc.JdbcTemplateAutoConfiguration, org.springframework.boot.autoconfigure.liquibase.LiquibaseAutoConfiguration, org.springframework.boot.autoconfigure.orm.jpa.HibernateJpaAutoConfiguration, org.springframework.boot.autoconfigure.transaction.TransactionAutoConfiguration, org.springframework.boot.test.autoconfigure.jdbc.TestDatabaseAutoConfiguration, org.springframework.boot.test.autoconfigure.orm.jpa.TestEntityManagerAutoConfiguration]], org.springframework.boot.test.context.filter.ExcludeFilterContextCustomizer@1fa268de, org.springframework.boot.test.json.DuplicateJsonObjectContextCustomizerFactory$DuplicateJsonObjectContextCustomizer@a514af7, org.springframework.boot.test.mock.mockito.MockitoContextCustomizer@0, org.springframework.boot.test.autoconfigure.OverrideAutoConfigurationContextCustomizerFactory$DisableAutoConfigurationContextCustomizer@5c5eefef, org.springframework.boot.test.autoconfigure.filter.TypeExcludeFiltersContextCustomizer@351584c0, org.springframework.boot.test.autoconfigure.properties.PropertyMappingContextCustomizer@fac44c8a, org.springframework.boot.test.autoconfigure.web.servlet.WebDriverContextCustomizerFactory$Customizer@35e2d654], contextLoader = 'org.springframework.boot.test.context.SpringBootContextLoader', parent = [null]], attributes = map[[empty]]]
2019-12-15 08:42:18.970  INFO 21988 --- [           main] o.s.t.c.transaction.TransactionContext   : Began transaction (1) for test context [DefaultTestContext@7fee8714 testClass = CartControllerNegativeTest, testInstance = com.example.demo.controllers.CartControllerNegativeTest@5ea0a7a9, testMethod = add_to_cart_no_user@CartControllerNegativeTest, testException = [null], mergedContextConfiguration = [MergedContextConfiguration@4229bb3f testClass = CartControllerNegativeTest, locations = '{}', classes = '{class com.example.demo.SareetaApplication}', contextInitializerClasses = '[]', activeProfiles = '{}', propertySourceLocations = '{}', propertySourceProperties = '{org.springframework.boot.test.autoconfigure.orm.jpa.DataJpaTestContextBootstrapper=true}', contextCustomizers = set[[ImportsContextCustomizer@56cdfb3b key = [org.springframework.boot.autoconfigure.cache.CacheAutoConfiguration, org.springframework.boot.autoconfigure.data.jpa.JpaRepositoriesAutoConfiguration, org.springframework.boot.autoconfigure.flyway.FlywayAutoConfiguration, org.springframework.boot.autoconfigure.jdbc.DataSourceAutoConfiguration, org.springframework.boot.autoconfigure.jdbc.DataSourceTransactionManagerAutoConfiguration, org.springframework.boot.autoconfigure.jdbc.JdbcTemplateAutoConfiguration, org.springframework.boot.autoconfigure.liquibase.LiquibaseAutoConfiguration, org.springframework.boot.autoconfigure.orm.jpa.HibernateJpaAutoConfiguration, org.springframework.boot.autoconfigure.transaction.TransactionAutoConfiguration, org.springframework.boot.test.autoconfigure.jdbc.TestDatabaseAutoConfiguration, org.springframework.boot.test.autoconfigure.orm.jpa.TestEntityManagerAutoConfiguration]], org.springframework.boot.test.context.filter.ExcludeFilterContextCustomizer@1fa268de, org.springframework.boot.test.json.DuplicateJsonObjectContextCustomizerFactory$DuplicateJsonObjectContextCustomizer@a514af7, org.springframework.boot.test.mock.mockito.MockitoContextCustomizer@0, org.springframework.boot.test.autoconfigure.OverrideAutoConfigurationContextCustomizerFactory$DisableAutoConfigurationContextCustomizer@5c5eefef, org.springframework.boot.test.autoconfigure.filter.TypeExcludeFiltersContextCustomizer@351584c0, org.springframework.boot.test.autoconfigure.properties.PropertyMappingContextCustomizer@fac44c8a, org.springframework.boot.test.autoconfigure.web.servlet.WebDriverContextCustomizerFactory$Customizer@35e2d654], contextLoader = 'org.springframework.boot.test.context.SpringBootContextLoader', parent = [null]], attributes = map[[empty]]]; transaction manager [org.springframework.orm.jpa.JpaTransactionManager@6a0e97fc]; rollback [true]
Hibernate: insert into user (id, cart_id, password, username) values (null, ?, ?, ?)
Hibernate: select item0_.id as id1_2_0_, item0_.description as descript2_2_0_, item0_.name as name3_2_0_, item0_.price as price4_2_0_ from item item0_ where item0_.id=?
Hibernate: insert into item (id, description, name, price) values (null, ?, ?, ?)
2019-12-15 08:42:18.973  INFO 21988 --- [           main] c.e.demo.controllers.CartController      : Activity in CartController.
2019-12-15 08:42:18.973  INFO 21988 --- [           main] c.e.demo.controllers.CartController      : POST request submitted to /addToCart
Hibernate: select applicatio0_.id as id1_3_, applicatio0_.cart_id as cart_id4_3_, applicatio0_.password as password2_3_, applicatio0_.username as username3_3_ from user applicatio0_ where applicatio0_.username is null
2019-12-15 08:42:18.974  INFO 21988 --- [           main] c.e.demo.controllers.CartController      : POST /addToCart failed. CAUSE: User not found.
2019-12-15 08:42:18.976  INFO 21988 --- [           main] o.s.t.c.transaction.TransactionContext   : Rolled back transaction for test: [DefaultTestContext@7fee8714 testClass = CartControllerNegativeTest, testInstance = com.example.demo.controllers.CartControllerNegativeTest@5ea0a7a9, testMethod = add_to_cart_no_user@CartControllerNegativeTest, testException = [null], mergedContextConfiguration = [MergedContextConfiguration@4229bb3f testClass = CartControllerNegativeTest, locations = '{}', classes = '{class com.example.demo.SareetaApplication}', contextInitializerClasses = '[]', activeProfiles = '{}', propertySourceLocations = '{}', propertySourceProperties = '{org.springframework.boot.test.autoconfigure.orm.jpa.DataJpaTestContextBootstrapper=true}', contextCustomizers = set[[ImportsContextCustomizer@56cdfb3b key = [org.springframework.boot.autoconfigure.cache.CacheAutoConfiguration, org.springframework.boot.autoconfigure.data.jpa.JpaRepositoriesAutoConfiguration, org.springframework.boot.autoconfigure.flyway.FlywayAutoConfiguration, org.springframework.boot.autoconfigure.jdbc.DataSourceAutoConfiguration, org.springframework.boot.autoconfigure.jdbc.DataSourceTransactionManagerAutoConfiguration, org.springframework.boot.autoconfigure.jdbc.JdbcTemplateAutoConfiguration, org.springframework.boot.autoconfigure.liquibase.LiquibaseAutoConfiguration, org.springframework.boot.autoconfigure.orm.jpa.HibernateJpaAutoConfiguration, org.springframework.boot.autoconfigure.transaction.TransactionAutoConfiguration, org.springframework.boot.test.autoconfigure.jdbc.TestDatabaseAutoConfiguration, org.springframework.boot.test.autoconfigure.orm.jpa.TestEntityManagerAutoConfiguration]], org.springframework.boot.test.context.filter.ExcludeFilterContextCustomizer@1fa268de, org.springframework.boot.test.json.DuplicateJsonObjectContextCustomizerFactory$DuplicateJsonObjectContextCustomizer@a514af7, org.springframework.boot.test.mock.mockito.MockitoContextCustomizer@0, org.springframework.boot.test.autoconfigure.OverrideAutoConfigurationContextCustomizerFactory$DisableAutoConfigurationContextCustomizer@5c5eefef, org.springframework.boot.test.autoconfigure.filter.TypeExcludeFiltersContextCustomizer@351584c0, org.springframework.boot.test.autoconfigure.properties.PropertyMappingContextCustomizer@fac44c8a, org.springframework.boot.test.autoconfigure.web.servlet.WebDriverContextCustomizerFactory$Customizer@35e2d654], contextLoader = 'org.springframework.boot.test.context.SpringBootContextLoader', parent = [null]], attributes = map[[empty]]]
[INFO] Tests run: 4, Failures: 0, Errors: 0, Skipped: 0, Time elapsed: 3.782 s - in com.example.demo.controllers.CartControllerNegativeTest
[INFO] Running com.example.demo.controllers.CartControllerTest
2019-12-15 08:42:18.977  INFO 21988 --- [           main] b.t.a.o.j.DataJpaTestContextBootstrapper : Neither @ContextConfiguration nor @ContextHierarchy found for test class [com.example.demo.controllers.CartControllerTest], using SpringBootContextLoader
2019-12-15 08:42:18.977  INFO 21988 --- [           main] o.s.t.c.support.AbstractContextLoader    : Could not detect default resource locations for test class [com.example.demo.controllers.CartControllerTest]: no resource found for suffixes {-context.xml, Context.groovy}.
2019-12-15 08:42:18.977  INFO 21988 --- [           main] t.c.s.AnnotationConfigContextLoaderUtils : Could not detect default configuration classes for test class [com.example.demo.controllers.CartControllerTest]: CartControllerTest does not declare any static, non-private, non-final, nested classes annotated with @Configuration.
2019-12-15 08:42:18.982  INFO 21988 --- [           main] .b.t.c.SpringBootTestContextBootstrapper : Found @SpringBootConfiguration com.example.demo.SareetaApplication for test class com.example.demo.controllers.CartControllerTest
2019-12-15 08:42:18.982  INFO 21988 --- [           main] b.t.a.o.j.DataJpaTestContextBootstrapper : Loaded default TestExecutionListener class names from location [META-INF/spring.factories]: [org.springframework.boot.test.mock.mockito.MockitoTestExecutionListener, org.springframework.boot.test.mock.mockito.ResetMocksTestExecutionListener, org.springframework.boot.test.autoconfigure.restdocs.RestDocsTestExecutionListener, org.springframework.boot.test.autoconfigure.web.client.MockRestServiceServerResetTestExecutionListener, org.springframework.boot.test.autoconfigure.web.servlet.MockMvcPrintOnlyOnFailureTestExecutionListener, org.springframework.boot.test.autoconfigure.web.servlet.WebDriverTestExecutionListener, org.springframework.test.context.web.ServletTestExecutionListener, org.springframework.test.context.support.DirtiesContextBeforeModesTestExecutionListener, org.springframework.test.context.support.DependencyInjectionTestExecutionListener, org.springframework.test.context.support.DirtiesContextTestExecutionListener, org.springframework.test.context.transaction.TransactionalTestExecutionListener, org.springframework.test.context.jdbc.SqlScriptsTestExecutionListener, org.springframework.security.test.context.support.WithSecurityContextTestExecutionListener, org.springframework.security.test.context.support.ReactorContextTestExecutionListener]
2019-12-15 08:42:18.983  INFO 21988 --- [           main] b.t.a.o.j.DataJpaTestContextBootstrapper : Using TestExecutionListeners: [org.springframework.test.context.web.ServletTestExecutionListener@361f1647, org.springframework.test.context.support.DirtiesContextBeforeModesTestExecutionListener@51172948, org.springframework.boot.test.mock.mockito.MockitoTestExecutionListener@6f2a3b37, org.springframework.boot.test.autoconfigure.SpringBootDependencyInjectionTestExecutionListener@323b0632, org.springframework.test.context.support.DirtiesContextTestExecutionListener@7cd8831c, org.springframework.test.context.transaction.TransactionalTestExecutionListener@146db8a6, org.springframework.test.context.jdbc.SqlScriptsTestExecutionListener@2a20da9f, org.springframework.security.test.context.support.WithSecurityContextTestExecutionListener@40c0437f, org.springframework.security.test.context.support.ReactorContextTestExecutionListener@78b8f818, org.springframework.boot.test.mock.mockito.ResetMocksTestExecutionListener@1e9d721, org.springframework.boot.test.autoconfigure.restdocs.RestDocsTestExecutionListener@2d3111a1, org.springframework.boot.test.autoconfigure.web.client.MockRestServiceServerResetTestExecutionListener@6f2864c3, org.springframework.boot.test.autoconfigure.web.servlet.MockMvcPrintOnlyOnFailureTestExecutionListener@50ef2906, org.springframework.boot.test.autoconfigure.web.servlet.WebDriverTestExecutionListener@1f70bce5]
2019-12-15 08:42:19.038  INFO 21988 --- [           main] o.s.t.c.transaction.TransactionContext   : Began transaction (1) for test context [DefaultTestContext@6371c5ec testClass = CartControllerTest, testInstance = com.example.demo.controllers.CartControllerTest@5f9ccd0c, testMethod = add_to_cart_happy_path@CartControllerTest, testException = [null], mergedContextConfiguration = [MergedContextConfiguration@6738e8b2 testClass = CartControllerTest, locations = '{}', classes = '{class com.example.demo.SareetaApplication}', contextInitializerClasses = '[]', activeProfiles = '{}', propertySourceLocations = '{}', propertySourceProperties = '{org.springframework.boot.test.autoconfigure.orm.jpa.DataJpaTestContextBootstrapper=true}', contextCustomizers = set[[ImportsContextCustomizer@609ad016 key = [org.springframework.boot.autoconfigure.cache.CacheAutoConfiguration, org.springframework.boot.autoconfigure.data.jpa.JpaRepositoriesAutoConfiguration, org.springframework.boot.autoconfigure.flyway.FlywayAutoConfiguration, org.springframework.boot.autoconfigure.jdbc.DataSourceAutoConfiguration, org.springframework.boot.autoconfigure.jdbc.DataSourceTransactionManagerAutoConfiguration, org.springframework.boot.autoconfigure.jdbc.JdbcTemplateAutoConfiguration, org.springframework.boot.autoconfigure.liquibase.LiquibaseAutoConfiguration, org.springframework.boot.autoconfigure.orm.jpa.HibernateJpaAutoConfiguration, org.springframework.boot.autoconfigure.transaction.TransactionAutoConfiguration, org.springframework.boot.test.autoconfigure.jdbc.TestDatabaseAutoConfiguration, org.springframework.boot.test.autoconfigure.orm.jpa.TestEntityManagerAutoConfiguration]], org.springframework.boot.test.context.filter.ExcludeFilterContextCustomizer@1fa268de, org.springframework.boot.test.json.DuplicateJsonObjectContextCustomizerFactory$DuplicateJsonObjectContextCustomizer@a514af7, org.springframework.boot.test.mock.mockito.MockitoContextCustomizer@0, org.springframework.boot.test.autoconfigure.OverrideAutoConfigurationContextCustomizerFactory$DisableAutoConfigurationContextCustomizer@5c5eefef, org.springframework.boot.test.autoconfigure.filter.TypeExcludeFiltersContextCustomizer@351584c0, org.springframework.boot.test.autoconfigure.properties.PropertyMappingContextCustomizer@fac44c8a, org.springframework.boot.test.autoconfigure.web.servlet.WebDriverContextCustomizerFactory$Customizer@35e2d654], contextLoader = 'org.springframework.boot.test.context.SpringBootContextLoader', parent = [null]], attributes = map[[empty]]]; transaction manager [org.springframework.orm.jpa.JpaTransactionManager@6a0e97fc]; rollback [true]
2019-12-15 08:42:19.049  INFO 21988 --- [           main] c.e.demo.controllers.CartController      : Activity in CartController.
2019-12-15 08:42:19.049  INFO 21988 --- [           main] c.e.demo.controllers.CartController      : POST request submitted to /addToCart
2019-12-15 08:42:19.053  INFO 21988 --- [           main] c.e.demo.controllers.CartController      : POST /addToCart failed. CAUSE: Item not found.
2019-12-15 08:42:19.055  INFO 21988 --- [           main] o.s.t.c.transaction.TransactionContext   : Rolled back transaction for test: [DefaultTestContext@6371c5ec testClass = CartControllerTest, testInstance = com.example.demo.controllers.CartControllerTest@5f9ccd0c, testMethod = add_to_cart_happy_path@CartControllerTest, testException = [null], mergedContextConfiguration = [MergedContextConfiguration@6738e8b2 testClass = CartControllerTest, locations = '{}', classes = '{class com.example.demo.SareetaApplication}', contextInitializerClasses = '[]', activeProfiles = '{}', propertySourceLocations = '{}', propertySourceProperties = '{org.springframework.boot.test.autoconfigure.orm.jpa.DataJpaTestContextBootstrapper=true}', contextCustomizers = set[[ImportsContextCustomizer@609ad016 key = [org.springframework.boot.autoconfigure.cache.CacheAutoConfiguration, org.springframework.boot.autoconfigure.data.jpa.JpaRepositoriesAutoConfiguration, org.springframework.boot.autoconfigure.flyway.FlywayAutoConfiguration, org.springframework.boot.autoconfigure.jdbc.DataSourceAutoConfiguration, org.springframework.boot.autoconfigure.jdbc.DataSourceTransactionManagerAutoConfiguration, org.springframework.boot.autoconfigure.jdbc.JdbcTemplateAutoConfiguration, org.springframework.boot.autoconfigure.liquibase.LiquibaseAutoConfiguration, org.springframework.boot.autoconfigure.orm.jpa.HibernateJpaAutoConfiguration, org.springframework.boot.autoconfigure.transaction.TransactionAutoConfiguration, org.springframework.boot.test.autoconfigure.jdbc.TestDatabaseAutoConfiguration, org.springframework.boot.test.autoconfigure.orm.jpa.TestEntityManagerAutoConfiguration]], org.springframework.boot.test.context.filter.ExcludeFilterContextCustomizer@1fa268de, org.springframework.boot.test.json.DuplicateJsonObjectContextCustomizerFactory$DuplicateJsonObjectContextCustomizer@a514af7, org.springframework.boot.test.mock.mockito.MockitoContextCustomizer@0, org.springframework.boot.test.autoconfigure.OverrideAutoConfigurationContextCustomizerFactory$DisableAutoConfigurationContextCustomizer@5c5eefef, org.springframework.boot.test.autoconfigure.filter.TypeExcludeFiltersContextCustomizer@351584c0, org.springframework.boot.test.autoconfigure.properties.PropertyMappingContextCustomizer@fac44c8a, org.springframework.boot.test.autoconfigure.web.servlet.WebDriverContextCustomizerFactory$Customizer@35e2d654], contextLoader = 'org.springframework.boot.test.context.SpringBootContextLoader', parent = [null]], attributes = map[[empty]]]
2019-12-15 08:42:19.058  INFO 21988 --- [           main] o.s.t.c.transaction.TransactionContext   : Began transaction (1) for test context [DefaultTestContext@6371c5ec testClass = CartControllerTest, testInstance = com.example.demo.controllers.CartControllerTest@438c0aaf, testMethod = remove_from_cart_happy_path@CartControllerTest, testException = [null], mergedContextConfiguration = [MergedContextConfiguration@6738e8b2 testClass = CartControllerTest, locations = '{}', classes = '{class com.example.demo.SareetaApplication}', contextInitializerClasses = '[]', activeProfiles = '{}', propertySourceLocations = '{}', propertySourceProperties = '{org.springframework.boot.test.autoconfigure.orm.jpa.DataJpaTestContextBootstrapper=true}', contextCustomizers = set[[ImportsContextCustomizer@609ad016 key = [org.springframework.boot.autoconfigure.cache.CacheAutoConfiguration, org.springframework.boot.autoconfigure.data.jpa.JpaRepositoriesAutoConfiguration, org.springframework.boot.autoconfigure.flyway.FlywayAutoConfiguration, org.springframework.boot.autoconfigure.jdbc.DataSourceAutoConfiguration, org.springframework.boot.autoconfigure.jdbc.DataSourceTransactionManagerAutoConfiguration, org.springframework.boot.autoconfigure.jdbc.JdbcTemplateAutoConfiguration, org.springframework.boot.autoconfigure.liquibase.LiquibaseAutoConfiguration, org.springframework.boot.autoconfigure.orm.jpa.HibernateJpaAutoConfiguration, org.springframework.boot.autoconfigure.transaction.TransactionAutoConfiguration, org.springframework.boot.test.autoconfigure.jdbc.TestDatabaseAutoConfiguration, org.springframework.boot.test.autoconfigure.orm.jpa.TestEntityManagerAutoConfiguration]], org.springframework.boot.test.context.filter.ExcludeFilterContextCustomizer@1fa268de, org.springframework.boot.test.json.DuplicateJsonObjectContextCustomizerFactory$DuplicateJsonObjectContextCustomizer@a514af7, org.springframework.boot.test.mock.mockito.MockitoContextCustomizer@0, org.springframework.boot.test.autoconfigure.OverrideAutoConfigurationContextCustomizerFactory$DisableAutoConfigurationContextCustomizer@5c5eefef, org.springframework.boot.test.autoconfigure.filter.TypeExcludeFiltersContextCustomizer@351584c0, org.springframework.boot.test.autoconfigure.properties.PropertyMappingContextCustomizer@fac44c8a, org.springframework.boot.test.autoconfigure.web.servlet.WebDriverContextCustomizerFactory$Customizer@35e2d654], contextLoader = 'org.springframework.boot.test.context.SpringBootContextLoader', parent = [null]], attributes = map[[empty]]]; transaction manager [org.springframework.orm.jpa.JpaTransactionManager@6a0e97fc]; rollback [true]
2019-12-15 08:42:19.060  INFO 21988 --- [           main] c.e.demo.controllers.CartController      : Activity in CartController.
2019-12-15 08:42:19.060  INFO 21988 --- [           main] c.e.demo.controllers.CartController      : POST request submitted to /removeFromCart
2019-12-15 08:42:19.060  INFO 21988 --- [           main] c.e.demo.controllers.CartController      : POST /removeFromCart failed. CAUSE: User not found.
2019-12-15 08:42:19.062  INFO 21988 --- [           main] o.s.t.c.transaction.TransactionContext   : Rolled back transaction for test: [DefaultTestContext@6371c5ec testClass = CartControllerTest, testInstance = com.example.demo.controllers.CartControllerTest@438c0aaf, testMethod = remove_from_cart_happy_path@CartControllerTest, testException = [null], mergedContextConfiguration = [MergedContextConfiguration@6738e8b2 testClass = CartControllerTest, locations = '{}', classes = '{class com.example.demo.SareetaApplication}', contextInitializerClasses = '[]', activeProfiles = '{}', propertySourceLocations = '{}', propertySourceProperties = '{org.springframework.boot.test.autoconfigure.orm.jpa.DataJpaTestContextBootstrapper=true}', contextCustomizers = set[[ImportsContextCustomizer@609ad016 key = [org.springframework.boot.autoconfigure.cache.CacheAutoConfiguration, org.springframework.boot.autoconfigure.data.jpa.JpaRepositoriesAutoConfiguration, org.springframework.boot.autoconfigure.flyway.FlywayAutoConfiguration, org.springframework.boot.autoconfigure.jdbc.DataSourceAutoConfiguration, org.springframework.boot.autoconfigure.jdbc.DataSourceTransactionManagerAutoConfiguration, org.springframework.boot.autoconfigure.jdbc.JdbcTemplateAutoConfiguration, org.springframework.boot.autoconfigure.liquibase.LiquibaseAutoConfiguration, org.springframework.boot.autoconfigure.orm.jpa.HibernateJpaAutoConfiguration, org.springframework.boot.autoconfigure.transaction.TransactionAutoConfiguration, org.springframework.boot.test.autoconfigure.jdbc.TestDatabaseAutoConfiguration, org.springframework.boot.test.autoconfigure.orm.jpa.TestEntityManagerAutoConfiguration]], org.springframework.boot.test.context.filter.ExcludeFilterContextCustomizer@1fa268de, org.springframework.boot.test.json.DuplicateJsonObjectContextCustomizerFactory$DuplicateJsonObjectContextCustomizer@a514af7, org.springframework.boot.test.mock.mockito.MockitoContextCustomizer@0, org.springframework.boot.test.autoconfigure.OverrideAutoConfigurationContextCustomizerFactory$DisableAutoConfigurationContextCustomizer@5c5eefef, org.springframework.boot.test.autoconfigure.filter.TypeExcludeFiltersContextCustomizer@351584c0, org.springframework.boot.test.autoconfigure.properties.PropertyMappingContextCustomizer@fac44c8a, org.springframework.boot.test.autoconfigure.web.servlet.WebDriverContextCustomizerFactory$Customizer@35e2d654], contextLoader = 'org.springframework.boot.test.context.SpringBootContextLoader', parent = [null]], attributes = map[[empty]]]
[INFO] Tests run: 2, Failures: 0, Errors: 0, Skipped: 0, Time elapsed: 0.066 s - in com.example.demo.controllers.CartControllerTest
[INFO] Running com.example.demo.controllers.ItemControllerTest
2019-12-15 08:42:19.065  INFO 21988 --- [           main] c.e.demo.controllers.ItemController      : Activity in ItemController.
2019-12-15 08:42:19.066  INFO 21988 --- [           main] c.e.demo.controllers.ItemController      : GET request submitted to /item/name/{name}.
2019-12-15 08:42:19.066  INFO 21988 --- [           main] c.e.demo.controllers.ItemController      : GET /item/name/{name} failed. CAUSE: Item not found.
2019-12-15 08:42:19.066  INFO 21988 --- [           main] c.e.demo.controllers.ItemController      : Activity in ItemController.
2019-12-15 08:42:19.066  INFO 21988 --- [           main] c.e.demo.controllers.ItemController      : GET request submitted to /item/{id}.
2019-12-15 08:42:19.067  INFO 21988 --- [           main] c.e.demo.controllers.ItemController      : Activity in ItemController.
2019-12-15 08:42:19.068  INFO 21988 --- [           main] c.e.demo.controllers.ItemController      : GET request submitted to /item/name/{name}.
2019-12-15 08:42:19.068  INFO 21988 --- [           main] c.e.demo.controllers.ItemController      : GET /item/name/{name} succeeded. RESPONSE: 200 OK.
2019-12-15 08:42:19.068  INFO 21988 --- [           main] c.e.demo.controllers.ItemController      : Activity in ItemController.
2019-12-15 08:42:19.068  INFO 21988 --- [           main] c.e.demo.controllers.ItemController      : GET request submitted to /item/{id}.
[INFO] Tests run: 5, Failures: 0, Errors: 0, Skipped: 0, Time elapsed: 0.004 s - in com.example.demo.controllers.ItemControllerTest
[INFO] Running com.example.demo.controllers.OrderControllerTest
2019-12-15 08:42:19.101  INFO 21988 --- [           main] c.e.demo.controllers.OrderController     : Activity in OrderController.
2019-12-15 08:42:19.101  INFO 21988 --- [           main] c.e.demo.controllers.OrderController     : POST request submitted to /submit/{username}.
2019-12-15 08:42:19.101  INFO 21988 --- [           main] c.e.demo.controllers.OrderController     : POST /submit/{username} failed. CAUSE: Cart is empty.
2019-12-15 08:42:19.102  INFO 21988 --- [           main] c.e.demo.controllers.OrderController     : Activity in OrderController.
2019-12-15 08:42:19.102  INFO 21988 --- [           main] c.e.demo.controllers.OrderController     : GET request submitted to /history/{username}.
2019-12-15 08:42:19.102  INFO 21988 --- [           main] c.e.demo.controllers.OrderController     : GET /history/{username} failed. CAUSE: User not found.
2019-12-15 08:42:19.103  INFO 21988 --- [           main] c.e.demo.controllers.OrderController     : Activity in OrderController.
2019-12-15 08:42:19.103  INFO 21988 --- [           main] c.e.demo.controllers.OrderController     : POST request submitted to /submit/{username}.
2019-12-15 08:42:19.103  INFO 21988 --- [           main] c.e.demo.controllers.OrderController     : POST /submit/{username} failed. CAUSE: User not found.
2019-12-15 08:42:19.103  INFO 21988 --- [           main] c.e.demo.controllers.OrderController     : Activity in OrderController.
2019-12-15 08:42:19.104  INFO 21988 --- [           main] c.e.demo.controllers.OrderController     : GET request submitted to /history/{username}.
2019-12-15 08:42:19.104  INFO 21988 --- [           main] c.e.demo.controllers.OrderController     : GET /history/{username} failed. CAUSE: User not found.
2019-12-15 08:42:19.104  INFO 21988 --- [           main] c.e.demo.controllers.OrderController     : Activity in OrderController.
2019-12-15 08:42:19.104  INFO 21988 --- [           main] c.e.demo.controllers.OrderController     : POST request submitted to /submit/{username}.
2019-12-15 08:42:19.104  INFO 21988 --- [           main] c.e.demo.controllers.OrderController     : POST /submit/{username} succeeded. RESPONSE: 200 OK
[INFO] Tests run: 5, Failures: 0, Errors: 0, Skipped: 0, Time elapsed: 0.007 s - in com.example.demo.controllers.OrderControllerTest
[INFO] Running com.example.demo.controllers.UserControllerTest
2019-12-15 08:42:19.120  INFO 21988 --- [           main] c.e.demo.controllers.UserController      : Activity in UserController.
2019-12-15 08:42:19.120  INFO 21988 --- [           main] c.e.demo.controllers.UserController      : GET request submitted to /user/id/{id}.
2019-12-15 08:42:19.122  INFO 21988 --- [           main] c.e.demo.controllers.UserController      : Activity in UserController.
2019-12-15 08:42:19.122  INFO 21988 --- [           main] c.e.demo.controllers.UserController      : POST request submitted to /user/create.
2019-12-15 08:42:19.122  INFO 21988 --- [           main] c.e.demo.controllers.UserController      : GET /user/create succeeded. RESPONSE: 200 OK
2019-12-15 08:42:19.122  INFO 21988 --- [           main] c.e.demo.controllers.UserController      : Activity in UserController.
2019-12-15 08:42:19.122  INFO 21988 --- [           main] c.e.demo.controllers.UserController      : POST request submitted to /user/create.
2019-12-15 08:42:19.122  INFO 21988 --- [           main] c.e.demo.controllers.UserController      : POST /user/create failed. CAUSE: Password and confirm password don't match.
2019-12-15 08:42:19.122  INFO 21988 --- [           main] c.e.demo.controllers.UserController      : Activity in UserController.
2019-12-15 08:42:19.122  INFO 21988 --- [           main] c.e.demo.controllers.UserController      : POST request submitted to /user/create.
2019-12-15 08:42:19.123  INFO 21988 --- [           main] c.e.demo.controllers.UserController      : POST /user/create failed. CAUSE: Request is missing required fields.
2019-12-15 08:42:19.123  INFO 21988 --- [           main] c.e.demo.controllers.UserController      : Activity in UserController.
2019-12-15 08:42:19.123  INFO 21988 --- [           main] c.e.demo.controllers.UserController      : GET request submitted to /user/id/{id}.
2019-12-15 08:42:19.123  INFO 21988 --- [           main] c.e.demo.controllers.UserController      : Activity in UserController.
2019-12-15 08:42:19.123  INFO 21988 --- [           main] c.e.demo.controllers.UserController      : POST request submitted to /user/create.
2019-12-15 08:42:19.123  INFO 21988 --- [           main] c.e.demo.controllers.UserController      : POST /user/create failed. CAUSE: Password doesn't meet complexity requirements.
2019-12-15 08:42:19.124  INFO 21988 --- [           main] c.e.demo.controllers.UserController      : Activity in UserController.
2019-12-15 08:42:19.124  INFO 21988 --- [           main] c.e.demo.controllers.UserController      : GET request submitted to /user/{username}.
2019-12-15 08:42:19.124  INFO 21988 --- [           main] c.e.demo.controllers.UserController      : GET /user/{username} succeeded. RESPONSE: 200 OK
2019-12-15 08:42:19.124  INFO 21988 --- [           main] c.e.demo.controllers.UserController      : Activity in UserController.
2019-12-15 08:42:19.125  INFO 21988 --- [           main] c.e.demo.controllers.UserController      : GET request submitted to /user/{username}.
2019-12-15 08:42:19.125  INFO 21988 --- [           main] c.e.demo.controllers.UserController      : GET /user/{username} failed. CAUSE: User not found.
[INFO] Tests run: 8, Failures: 0, Errors: 0, Skipped: 0, Time elapsed: 0.016 s - in com.example.demo.controllers.UserControllerTest
[INFO] Running com.example.demo.LogHelperTest
[INFO] Tests run: 2, Failures: 0, Errors: 0, Skipped: 0, Time elapsed: 0.001 s - in com.example.demo.LogHelperTest
[INFO] Running com.example.demo.models.CartTest
[INFO] Tests run: 1, Failures: 0, Errors: 0, Skipped: 0, Time elapsed: 0 s - in com.example.demo.models.CartTest
[INFO] Running com.example.demo.models.ItemTest
[INFO] Tests run: 6, Failures: 0, Errors: 0, Skipped: 0, Time elapsed: 0 s - in com.example.demo.models.ItemTest
[INFO] Running com.example.demo.models.UserOrderTest
[INFO] Tests run: 4, Failures: 0, Errors: 0, Skipped: 0, Time elapsed: 0 s - in com.example.demo.models.UserOrderTest
[INFO] Running com.example.demo.SareetaApplicationTests
2019-12-15 08:42:19.130  INFO 21988 --- [           main] .b.t.c.SpringBootTestContextBootstrapper : Neither @ContextConfiguration nor @ContextHierarchy found for test class [com.example.demo.SareetaApplicationTests], using SpringBootContextLoader
2019-12-15 08:42:19.131  INFO 21988 --- [           main] o.s.t.c.support.AbstractContextLoader    : Could not detect default resource locations for test class [com.example.demo.SareetaApplicationTests]: no resource found for suffixes {-context.xml, Context.groovy}.
2019-12-15 08:42:19.131  INFO 21988 --- [           main] t.c.s.AnnotationConfigContextLoaderUtils : Could not detect default configuration classes for test class [com.example.demo.SareetaApplicationTests]: SareetaApplicationTests does not declare any static, non-private, non-final, nested classes annotated with @Configuration.
2019-12-15 08:42:19.136  INFO 21988 --- [           main] .b.t.c.SpringBootTestContextBootstrapper : Found @SpringBootConfiguration com.example.demo.SareetaApplication for test class com.example.demo.SareetaApplicationTests
2019-12-15 08:42:19.137  INFO 21988 --- [           main] .b.t.c.SpringBootTestContextBootstrapper : Loaded default TestExecutionListener class names from location [META-INF/spring.factories]: [org.springframework.boot.test.mock.mockito.MockitoTestExecutionListener, org.springframework.boot.test.mock.mockito.ResetMocksTestExecutionListener, org.springframework.boot.test.autoconfigure.restdocs.RestDocsTestExecutionListener, org.springframework.boot.test.autoconfigure.web.client.MockRestServiceServerResetTestExecutionListener, org.springframework.boot.test.autoconfigure.web.servlet.MockMvcPrintOnlyOnFailureTestExecutionListener, org.springframework.boot.test.autoconfigure.web.servlet.WebDriverTestExecutionListener, org.springframework.test.context.web.ServletTestExecutionListener, org.springframework.test.context.support.DirtiesContextBeforeModesTestExecutionListener, org.springframework.test.context.support.DependencyInjectionTestExecutionListener, org.springframework.test.context.support.DirtiesContextTestExecutionListener, org.springframework.test.context.transaction.TransactionalTestExecutionListener, org.springframework.test.context.jdbc.SqlScriptsTestExecutionListener, org.springframework.security.test.context.support.WithSecurityContextTestExecutionListener, org.springframework.security.test.context.support.ReactorContextTestExecutionListener]
2019-12-15 08:42:19.138  INFO 21988 --- [           main] .b.t.c.SpringBootTestContextBootstrapper : Using TestExecutionListeners: [org.springframework.test.context.web.ServletTestExecutionListener@d70dbeb, org.springframework.test.context.support.DirtiesContextBeforeModesTestExecutionListener@7f8f5d37, org.springframework.boot.test.mock.mockito.MockitoTestExecutionListener@f9cd1e6, org.springframework.boot.test.autoconfigure.SpringBootDependencyInjectionTestExecutionListener@3ff53704, org.springframework.test.context.support.DirtiesContextTestExecutionListener@34d11c92, org.springframework.test.context.transaction.TransactionalTestExecutionListener@31b289da, org.springframework.test.context.jdbc.SqlScriptsTestExecutionListener@58486deb, org.springframework.security.test.context.support.WithSecurityContextTestExecutionListener@4e933cf1, org.springframework.security.test.context.support.ReactorContextTestExecutionListener@729a9c3d, org.springframework.boot.test.mock.mockito.ResetMocksTestExecutionListener@574327ed, org.springframework.boot.test.autoconfigure.restdocs.RestDocsTestExecutionListener@4c7f2fdb, org.springframework.boot.test.autoconfigure.web.client.MockRestServiceServerResetTestExecutionListener@1b5cf611, org.springframework.boot.test.autoconfigure.web.servlet.MockMvcPrintOnlyOnFailureTestExecutionListener@3d01ea33, org.springframework.boot.test.autoconfigure.web.servlet.WebDriverTestExecutionListener@73b3ce31]

  .   ____          _            __ _ _
 /\\ / ___'_ __ _ _(_)_ __  __ _ \ \ \ \
( ( )\___ | '_ | '_| | '_ \/ _` | \ \ \ \
 \\/  ___)| |_)| | | | | || (_| |  ) ) ) )
  '  |____| .__|_| |_|_| |_\__, | / / / /
 =========|_|==============|___/=/_/_/_/
 :: Spring Boot ::        (v2.1.5.RELEASE)

2019-12-15 08:42:19.165  INFO 21988 --- [           main] c.example.demo.SareetaApplicationTests   : Starting SareetaApplicationTests on VENGEANCE with PID 21988 (started by VENGEANCE$ in C:\Program Files (x86)\Jenkins\workspace\udacity-ecommerce)
2019-12-15 08:42:19.165  INFO 21988 --- [           main] c.example.demo.SareetaApplicationTests   : No active profile set, falling back to default profiles: default
2019-12-15 08:42:19.403  INFO 21988 --- [           main] .s.d.r.c.RepositoryConfigurationDelegate : Bootstrapping Spring Data repositories in DEFAULT mode.
2019-12-15 08:42:19.411  INFO 21988 --- [           main] .s.d.r.c.RepositoryConfigurationDelegate : Finished Spring Data repository scanning in 8ms. Found 4 repository interfaces.
2019-12-15 08:42:19.642  INFO 21988 --- [           main] trationDelegate$BeanPostProcessorChecker : Bean 'org.springframework.transaction.annotation.ProxyTransactionManagementConfiguration' of type [org.springframework.transaction.annotation.ProxyTransactionManagementConfiguration$$EnhancerBySpringCGLIB$$fd6eadbd] is not eligible for getting processed by all BeanPostProcessors (for example: not eligible for auto-proxying)
2019-12-15 08:42:19.707  INFO 21988 --- [           main] com.zaxxer.hikari.HikariDataSource       : HikariPool-1 - Starting...
2019-12-15 08:42:19.725  INFO 21988 --- [           main] com.zaxxer.hikari.HikariDataSource       : HikariPool-1 - Start completed.
2019-12-15 08:42:19.743  INFO 21988 --- [           main] o.hibernate.jpa.internal.util.LogHelper  : HHH000204: Processing PersistenceUnitInfo [
	name: default
	...]
2019-12-15 08:42:19.750  INFO 21988 --- [           main] org.hibernate.dialect.Dialect            : HHH000400: Using dialect: org.hibernate.dialect.H2Dialect
2019-12-15 08:42:19.827  INFO 21988 --- [           main] j.LocalContainerEntityManagerFactoryBean : Initialized JPA EntityManagerFactory for persistence unit 'default'
2019-12-15 08:42:20.188  INFO 21988 --- [           main] o.s.s.web.DefaultSecurityFilterChain     : Creating filter chain: any request, [org.springframework.security.web.context.request.async.WebAsyncManagerIntegrationFilter@54f62ac6, org.springframework.security.web.context.SecurityContextPersistenceFilter@33502cfe, org.springframework.security.web.header.HeaderWriterFilter@40b958c5, org.springframework.web.filter.CorsFilter@7be86438, org.springframework.security.web.authentication.logout.LogoutFilter@3b3b2290, com.example.demo.security.JWTAuthenticationFilter@5fe4848, com.example.demo.security.JWTAuthorizationFilter@6a906078, org.springframework.security.web.savedrequest.RequestCacheAwareFilter@1728d307, org.springframework.security.web.servletapi.SecurityContextHolderAwareRequestFilter@4425b6ed, org.springframework.security.web.authentication.AnonymousAuthenticationFilter@fd5c7f6, org.springframework.security.web.session.SessionManagementFilter@74ab8610, org.springframework.security.web.access.ExceptionTranslationFilter@49741e80, org.springframework.security.web.access.intercept.FilterSecurityInterceptor@4144d4a]
2019-12-15 08:42:20.617  INFO 21988 --- [           main] o.s.s.concurrent.ThreadPoolTaskExecutor  : Initializing ExecutorService 'applicationTaskExecutor'
2019-12-15 08:42:20.661  WARN 21988 --- [           main] aWebConfiguration$JpaWebMvcConfiguration : spring.jpa.open-in-view is enabled by default. Therefore, database queries may be performed during view rendering. Explicitly configure spring.jpa.open-in-view to disable this warning
2019-12-15 08:42:20.899  INFO 21988 --- [           main] c.example.demo.SareetaApplicationTests   : Started SareetaApplicationTests in 1.757 seconds (JVM running for 5.992)
[INFO] Tests run: 2, Failures: 0, Errors: 0, Skipped: 0, Time elapsed: 1.766 s - in com.example.demo.SareetaApplicationTests
2019-12-15 08:42:20.918  INFO 21988 --- [       Thread-4] o.s.s.concurrent.ThreadPoolTaskExecutor  : Shutting down ExecutorService 'applicationTaskExecutor'
2019-12-15 08:42:20.918  INFO 21988 --- [       Thread-1] j.LocalContainerEntityManagerFactoryBean : Closing JPA EntityManagerFactory for persistence unit 'default'
2019-12-15 08:42:20.920  INFO 21988 --- [       Thread-4] j.LocalContainerEntityManagerFactoryBean : Closing JPA EntityManagerFactory for persistence unit 'default'
2019-12-15 08:42:20.921  INFO 21988 --- [       Thread-4] com.zaxxer.hikari.HikariDataSource       : HikariPool-1 - Shutdown initiated...
2019-12-15 08:42:20.923  INFO 21988 --- [       Thread-4] com.zaxxer.hikari.HikariDataSource       : HikariPool-1 - Shutdown completed.
[INFO] 
[INFO] Results:
[INFO] 
[INFO] Tests run: 39, Failures: 0, Errors: 0, Skipped: 0
[INFO] 
[INFO] 
[INFO] --- maven-jar-plugin:3.1.1:jar (default-jar) @ auth-course ---
[INFO] Building jar: C:\Program Files (x86)\Jenkins\workspace\udacity-ecommerce\target\auth-course-0.0.1-SNAPSHOT.jar
[INFO] 
[INFO] --- spring-boot-maven-plugin:2.1.5.RELEASE:repackage (repackage) @ auth-course ---
[INFO] Replacing main artifact with repackaged archive
[INFO] ------------------------------------------------------------------------
[INFO] BUILD SUCCESS
[INFO] ------------------------------------------------------------------------
[INFO] Total time:  11.236 s
[INFO] Finished at: 2019-12-15T08:42:23-06:00
[INFO] ------------------------------------------------------------------------
Finished: SUCCESS
